zrythm-Message: 09:41:39.078: (zrythm_app_init_thread:460): 
Zrythm 1.0.0+ (debugoptimized)
  built with gcc 14.2.0 for linux
    +carla
    +jack2
    +pulse
    +rtaudio
    +lsp-dsp-lib

zrythm-Message: 09:41:39.078: (greeter_widget_set_progress_and_status:339): Initializing caches
zrythm-Message: 09:41:39.078: (greeter_widget_set_progress_and_status:339): Initializing file manager
zrythm-Message: 09:41:39.080: (load_files_from_location:278): Total files: 41
zrythm-Message: 09:41:39.080: (greeter_widget_set_progress_and_status:343): [Scanning Plugins] Scanning Plugins
(zrythm:21): zrythm-DEBUG: 09:41:39.081: (z_carla_discovery_get_discovery_path:46): using zrythm_libdir: /app/lib/zrythm
zrythm-Message: 09:41:39.081: (string_print_strv:573): LV2 paths: /app/lib/lv2 | /app/extensions/Plugins/lv2 | /app/lib/zrythm/lv2 | /app/share/zrythm/lv2 
(zrythm:21): zrythm-DEBUG: 09:41:39.107: (z_carla_discovery_plugin_scanned_cb:197): scanned http://breakfastquay.com/rdf/lv2-rubberband#mono
zrythm-Message: 09:41:39.107: (add_category_and_author:82): add_category_and_author: Plugin
zrythm-Message: 09:41:39.107: (add_category_and_author:102): add_category_and_author: Breakfast Quay
(zrythm:21): zrythm-DEBUG: 09:41:39.107: (z_carla_discovery_plugin_scanned_cb:197): scanned http://breakfastquay.com/rdf/lv2-rubberband#r3mono
(zrythm:21): zrythm-DEBUG: 09:41:39.107: (z_carla_discovery_plugin_scanned_cb:197): scanned http://breakfastquay.com/rdf/lv2-rubberband#r3stereo
(zrythm:21): zrythm-DEBUG: 09:41:39.107: (z_carla_discovery_plugin_scanned_cb:197): scanned http://breakfastquay.com/rdf/lv2-rubberband#stereo
(zrythm:21): zrythm-DEBUG: 09:41:39.108: (z_carla_discovery_plugin_scanned_cb:197): scanned http://kxstudio.sf.net/carla/plugins/audiofile
zrythm-Message: 09:41:39.108: (add_category_and_author:102): add_category_and_author: Filipe Coelho
(zrythm:21): zrythm-DEBUG: 09:41:39.108: (z_carla_discovery_plugin_scanned_cb:197): scanned http://kxstudio.sf.net/carla/plugins/audiogain
(zrythm:21): zrythm-DEBUG: 09:41:39.109: (z_carla_discovery_plugin_scanned_cb:197): scanned http://kxstudio.sf.net/carla/plugins/audiogain_s
(zrythm:21): zrythm-DEBUG: 09:41:39.109: (z_carla_discovery_plugin_scanned_cb:197): scanned http://kxstudio.sf.net/carla/plugins/lfo
(zrythm:21): zrythm-DEBUG: 09:41:39.111: (z_carla_discovery_plugin_scanned_cb:197): scanned http://kxstudio.sf.net/carla/plugins/midichanab
(zrythm:21): zrythm-DEBUG: 09:41:39.112: (z_carla_discovery_plugin_scanned_cb:197): scanned http://kxstudio.sf.net/carla/plugins/midichanfilter
(zrythm:21): zrythm-DEBUG: 09:41:39.112: (z_carla_discovery_plugin_scanned_cb:197): scanned http://kxstudio.sf.net/carla/plugins/midichannelize
(zrythm:21): zrythm-DEBUG: 09:41:39.113: (z_carla_discovery_plugin_scanned_cb:197): scanned http://kxstudio.sf.net/carla/plugins/midifile
(zrythm:21): zrythm-DEBUG: 09:41:39.113: (z_carla_discovery_plugin_scanned_cb:197): scanned http://kxstudio.sf.net/carla/plugins/midigain
(zrythm:21): zrythm-DEBUG: 09:41:39.114: (z_carla_discovery_plugin_scanned_cb:197): scanned http://kxstudio.sf.net/carla/plugins/midijoin
(zrythm:21): zrythm-DEBUG: 09:41:39.115: (z_carla_discovery_plugin_scanned_cb:197): scanned http://kxstudio.sf.net/carla/plugins/midisplit
(zrythm:21): zrythm-DEBUG: 09:41:39.115: (z_carla_discovery_plugin_scanned_cb:197): scanned http://kxstudio.sf.net/carla/plugins/miditranspose
(zrythm:21): zrythm-DEBUG: 09:41:39.115: (z_carla_discovery_plugin_scanned_cb:197): scanned http://lv2plug.in/plugins/eg-amp
zrythm-Message: 09:41:39.115: (add_category_and_author:82): add_category_and_author: Dynamics
zrythm-Message: 09:41:39.115: (add_category_and_author:102): add_category_and_author: 
(zrythm:21): zrythm-DEBUG: 09:41:39.116: (z_carla_discovery_plugin_scanned_cb:197): scanned http://lv2plug.in/plugins/eg-fifths
(zrythm:21): zrythm-DEBUG: 09:41:39.116: (z_carla_discovery_plugin_scanned_cb:197): scanned http://lv2plug.in/plugins/eg-metro
(zrythm:21): zrythm-DEBUG: 09:41:39.116: (z_carla_discovery_plugin_scanned_cb:197): scanned http://lv2plug.in/plugins/eg-midigate
(zrythm:21): zrythm-DEBUG: 09:41:39.116: (z_carla_discovery_plugin_scanned_cb:197): scanned http://lv2plug.in/plugins/eg-params
(zrythm:21): zrythm-DEBUG: 09:41:39.117: (z_carla_discovery_plugin_scanned_cb:197): scanned http://lv2plug.in/plugins/eg-sampler
(zrythm:21): zrythm-DEBUG: 09:41:39.117: (z_carla_discovery_plugin_scanned_cb:197): scanned http://lv2plug.in/plugins/eg-scope#Mono
zrythm-Message: 09:41:39.117: (add_category_and_author:102): add_category_and_author: Robin Gareus
(zrythm:21): zrythm-DEBUG: 09:41:39.117: (z_carla_discovery_plugin_scanned_cb:197): scanned http://lv2plug.in/plugins/eg-scope#Stereo
(zrythm:21): zrythm-DEBUG: 09:41:39.118: (z_carla_discovery_plugin_scanned_cb:197): scanned https://lv2.zrythm.org/faust-builtin/compressor
zrythm-Message: 09:41:39.118: (add_category_and_author:102): add_category_and_author: Zrythm DAW
(zrythm:21): zrythm-DEBUG: 09:41:39.118: (z_carla_discovery_plugin_scanned_cb:197): scanned https://lv2.zrythm.org/faust-builtin/cubic_distortion
zrythm-Message: 09:41:39.118: (add_category_and_author:82): add_category_and_author: Distortion
(zrythm:21): zrythm-DEBUG: 09:41:39.119: (z_carla_discovery_plugin_scanned_cb:197): scanned https://lv2.zrythm.org/faust-builtin/flanger
zrythm-Message: 09:41:39.119: (add_category_and_author:82): add_category_and_author: Modulator
(zrythm:21): zrythm-DEBUG: 09:41:39.119: (z_carla_discovery_plugin_scanned_cb:197): scanned https://lv2.zrythm.org/faust-builtin/gate_stereo
(zrythm:21): zrythm-DEBUG: 09:41:39.120: (z_carla_discovery_plugin_scanned_cb:197): scanned https://lv2.zrythm.org/faust-builtin/highpass_filter
zrythm-Message: 09:41:39.120: (add_category_and_author:82): add_category_and_author: Filter
(zrythm:21): zrythm-DEBUG: 09:41:39.120: (z_carla_discovery_plugin_scanned_cb:197): scanned https://lv2.zrythm.org/faust-builtin/lowpass_filter
(zrythm:21): zrythm-DEBUG: 09:41:39.121: (z_carla_discovery_plugin_scanned_cb:197): scanned https://lv2.zrythm.org/faust-builtin/parametric_eq
zrythm-Message: 09:41:39.121: (add_category_and_author:82): add_category_and_author: Equaliser
(zrythm:21): zrythm-DEBUG: 09:41:39.121: (z_carla_discovery_plugin_scanned_cb:197): scanned https://lv2.zrythm.org/faust-builtin/peak_limiter
(zrythm:21): zrythm-DEBUG: 09:41:39.122: (z_carla_discovery_plugin_scanned_cb:197): scanned https://lv2.zrythm.org/faust-builtin/phaser
(zrythm:21): zrythm-DEBUG: 09:41:39.122: (z_carla_discovery_plugin_scanned_cb:197): scanned https://lv2.zrythm.org/faust-builtin/smooth_delay
zrythm-Message: 09:41:39.122: (add_category_and_author:82): add_category_and_author: Delay
(zrythm:21): zrythm-DEBUG: 09:41:39.123: (z_carla_discovery_plugin_scanned_cb:197): scanned https://lv2.zrythm.org/faust-builtin/triple_synth
zrythm-Message: 09:41:39.123: (add_category_and_author:82): add_category_and_author: Instrument
(zrythm:21): zrythm-DEBUG: 09:41:39.124: (z_carla_discovery_plugin_scanned_cb:197): scanned https://lv2.zrythm.org/faust-builtin/wah4
(zrythm:21): zrythm-DEBUG: 09:41:39.124: (z_carla_discovery_plugin_scanned_cb:197): scanned https://lv2.zrythm.org/faust-builtin/white_noise
(zrythm:21): zrythm-DEBUG: 09:41:39.125: (z_carla_discovery_plugin_scanned_cb:197): scanned https://lv2.zrythm.org/faust-builtin/zita_rev1
zrythm-Message: 09:41:39.125: (greeter_widget_set_progress_and_status:335): [Scanning Plugins]
(zrythm:21): zrythm-DEBUG: 09:41:39.125: (z_carla_discovery_get_discovery_path:46): using zrythm_libdir: /app/lib/zrythm
zrythm-Message: 09:41:39.125: (string_print_strv:573): DSSI paths: /app/extensions/Plugins/dssi 
zrythm-Message: 09:41:39.125: (z_carla_discovery_start:292): no plugins to scan for DSSI (given paths: /app/extensions/Plugins/dssi)
zrythm-Message: 09:41:39.125: (greeter_widget_set_progress_and_status:335): [Scanning Plugins]
(zrythm:21): zrythm-DEBUG: 09:41:39.125: (z_carla_discovery_get_discovery_path:46): using zrythm_libdir: /app/lib/zrythm
zrythm-Message: 09:41:39.125: (string_print_strv:573): LADSPA paths: /app/extensions/Plugins/ladspa 
zrythm-Message: 09:41:39.125: (z_carla_discovery_start:292): no plugins to scan for LADSPA (given paths: /app/extensions/Plugins/ladspa)
zrythm-Message: 09:41:39.125: (greeter_widget_set_progress_and_status:335): [Scanning Plugins]
(zrythm:21): zrythm-DEBUG: 09:41:39.125: (z_carla_discovery_get_discovery_path:46): using zrythm_libdir: /app/lib/zrythm
zrythm-Message: 09:41:39.125: (string_print_strv:573): VST2 paths: /app/extensions/Plugins/vst 
zrythm-Message: 09:41:39.125: (z_carla_discovery_start:292): no plugins to scan for VST (given paths: /app/extensions/Plugins/vst)
zrythm-Message: 09:41:39.125: (greeter_widget_set_progress_and_status:335): [Scanning Plugins]
(zrythm:21): zrythm-DEBUG: 09:41:39.125: (z_carla_discovery_get_discovery_path:46): using zrythm_libdir: /app/lib/zrythm
zrythm-Message: 09:41:39.125: (string_print_strv:573): VST3 paths: /app/extensions/Plugins/vst3 
zrythm-Message: 09:41:39.125: (z_carla_discovery_start:292): no plugins to scan for VST3 (given paths: /app/extensions/Plugins/vst3)
zrythm-Message: 09:41:39.125: (greeter_widget_set_progress_and_status:335): [Scanning Plugins]
(zrythm:21): zrythm-DEBUG: 09:41:39.125: (z_carla_discovery_get_discovery_path:46): using zrythm_libdir: /app/lib/zrythm
zrythm-Message: 09:41:39.125: (greeter_widget_set_progress_and_status:335): [Scanning Plugins]
(zrythm:21): zrythm-DEBUG: 09:41:39.125: (z_carla_discovery_get_discovery_path:46): using zrythm_libdir: /app/lib/zrythm
zrythm-Message: 09:41:39.125: (z_carla_discovery_start:292): no plugins to scan for SF2 (given paths: )
zrythm-Message: 09:41:39.126: (greeter_widget_set_progress_and_status:335): [Scanning Plugins]
(zrythm:21): zrythm-DEBUG: 09:41:39.126: (z_carla_discovery_get_discovery_path:46): using zrythm_libdir: /app/lib/zrythm
zrythm-Message: 09:41:39.126: (string_print_strv:573): CLAP paths: /app/extensions/Plugins/clap 
zrythm-Message: 09:41:39.126: (z_carla_discovery_start:292): no plugins to scan for CLAP (given paths: /app/extensions/Plugins/clap)
zrythm-Message: 09:41:39.126: (greeter_widget_set_progress_and_status:335): [Scanning Plugins]
(zrythm:21): zrythm-DEBUG: 09:41:39.126: (z_carla_discovery_get_discovery_path:46): using zrythm_libdir: /app/lib/zrythm
zrythm-Message: 09:41:39.126: (string_print_strv:573): JSFX paths
zrythm-Message: 09:41:39.126: (greeter_widget_set_progress_and_status:335): [Scanning Plugins]
Gdk-INFO: 09:41:39.144: (gdk_vulkan_debug_report:1692): Vulkan: Loader Message: linux_read_sorted_physical_devices:
Gdk-INFO: 09:41:39.144: (gdk_vulkan_debug_report:1692): Vulkan: Loader Message:      Original order:
Gdk-INFO: 09:41:39.144: (gdk_vulkan_debug_report:1692): Vulkan: Loader Message:            [0] Intel(R) UHD Graphics 620 (KBL GT2)
Gdk-INFO: 09:41:39.144: (gdk_vulkan_debug_report:1692): Vulkan: Loader Message:            [1] llvmpipe (LLVM 19.1.5, 256 bits)
Gdk-INFO: 09:41:39.144: (gdk_vulkan_debug_report:1692): Vulkan: Loader Message:      Sorted order:
Gdk-INFO: 09:41:39.144: (gdk_vulkan_debug_report:1692): Vulkan: Loader Message:            [0] Intel(R) UHD Graphics 620 (KBL GT2)  
Gdk-INFO: 09:41:39.144: (gdk_vulkan_debug_report:1692): Vulkan: Loader Message:            [1] llvmpipe (LLVM 19.1.5, 256 bits)  
Gdk-INFO: 09:41:39.144: (gdk_vulkan_debug_report:1692): Vulkan: Loader Message: linux_read_sorted_physical_devices:
Gdk-INFO: 09:41:39.144: (gdk_vulkan_debug_report:1692): Vulkan: Loader Message:      Original order:
Gdk-INFO: 09:41:39.144: (gdk_vulkan_debug_report:1692): Vulkan: Loader Message:            [0] Intel(R) UHD Graphics 620 (KBL GT2)
Gdk-INFO: 09:41:39.144: (gdk_vulkan_debug_report:1692): Vulkan: Loader Message:            [1] llvmpipe (LLVM 19.1.5, 256 bits)
Gdk-INFO: 09:41:39.144: (gdk_vulkan_debug_report:1692): Vulkan: Loader Message:      Sorted order:
Gdk-INFO: 09:41:39.144: (gdk_vulkan_debug_report:1692): Vulkan: Loader Message:            [0] Intel(R) UHD Graphics 620 (KBL GT2)  
Gdk-INFO: 09:41:39.144: (gdk_vulkan_debug_report:1692): Vulkan: Loader Message:            [1] llvmpipe (LLVM 19.1.5, 256 bits)  
(zrythm:21): Gdk-DEBUG: 09:41:39.144: (gdk_vulkan_debug_report:1690): Vulkan: Loader Message: Copying old device 0 into new device 0
(zrythm:21): Gdk-DEBUG: 09:41:39.144: (gdk_vulkan_debug_report:1690): Vulkan: Loader Message: Copying old device 1 into new device 1
Gdk-INFO: 09:41:39.145: (gdk_vulkan_debug_report:1692): Vulkan: Loader Message: linux_read_sorted_physical_devices:
Gdk-INFO: 09:41:39.145: (gdk_vulkan_debug_report:1692): Vulkan: Loader Message:      Original order:
Gdk-INFO: 09:41:39.145: (gdk_vulkan_debug_report:1692): Vulkan: Loader Message:            [0] Intel(R) UHD Graphics 620 (KBL GT2)
Gdk-INFO: 09:41:39.145: (gdk_vulkan_debug_report:1692): Vulkan: Loader Message:            [1] llvmpipe (LLVM 19.1.5, 256 bits)
Gdk-INFO: 09:41:39.145: (gdk_vulkan_debug_report:1692): Vulkan: Loader Message:      Sorted order:
Gdk-INFO: 09:41:39.145: (gdk_vulkan_debug_report:1692): Vulkan: Loader Message:            [0] Intel(R) UHD Graphics 620 (KBL GT2)  
Gdk-INFO: 09:41:39.145: (gdk_vulkan_debug_report:1692): Vulkan: Loader Message:            [1] llvmpipe (LLVM 19.1.5, 256 bits)  
(zrythm:21): Gdk-DEBUG: 09:41:39.145: (gdk_vulkan_debug_report:1690): Vulkan: Loader Message: Copying old device 0 into new device 0
(zrythm:21): Gdk-DEBUG: 09:41:39.145: (gdk_vulkan_debug_report:1690): Vulkan: Loader Message: Copying old device 1 into new device 1
Gdk-INFO: 09:41:39.145: (gdk_vulkan_debug_report:1692): Vulkan: Loader Message: linux_read_sorted_physical_devices:
Gdk-INFO: 09:41:39.145: (gdk_vulkan_debug_report:1692): Vulkan: Loader Message:      Original order:
Gdk-INFO: 09:41:39.145: (gdk_vulkan_debug_report:1692): Vulkan: Loader Message:            [0] Intel(R) UHD Graphics 620 (KBL GT2)
Gdk-INFO: 09:41:39.145: (gdk_vulkan_debug_report:1692): Vulkan: Loader Message:            [1] llvmpipe (LLVM 19.1.5, 256 bits)
Gdk-INFO: 09:41:39.145: (gdk_vulkan_debug_report:1692): Vulkan: Loader Message:      Sorted order:
Gdk-INFO: 09:41:39.145: (gdk_vulkan_debug_report:1692): Vulkan: Loader Message:            [0] Intel(R) UHD Graphics 620 (KBL GT2)  
Gdk-INFO: 09:41:39.145: (gdk_vulkan_debug_report:1692): Vulkan: Loader Message:            [1] llvmpipe (LLVM 19.1.5, 256 bits)  
(zrythm:21): Gdk-DEBUG: 09:41:39.145: (gdk_vulkan_debug_report:1690): Vulkan: Loader Message: Copying old device 0 into new device 0
(zrythm:21): Gdk-DEBUG: 09:41:39.145: (gdk_vulkan_debug_report:1690): Vulkan: Loader Message: Copying old device 1 into new device 1
Gdk-INFO: 09:41:39.146: (gdk_vulkan_debug_report:1692): Vulkan: Loader Message: Removing driver /usr/lib/x86_64-linux-gnu/GL/default/lib/libvulkan_radeon.so due to not having any physical devices
Gdk-INFO: 09:41:39.146: (gdk_vulkan_debug_report:1692): Vulkan: Loader Message: Removing driver /usr/lib/x86_64-linux-gnu/GL/default/lib/libvulkan_nouveau.so due to not having any physical devices
Gdk-INFO: 09:41:39.146: (gdk_vulkan_debug_report:1692): Vulkan: Loader Message: Removing driver /usr/lib/x86_64-linux-gnu/GL/default/lib/libvulkan_intel_hasvk.so due to not having any physical devices
Gdk-INFO: 09:41:39.147: (gdk_vulkan_debug_report:1692): Vulkan: Loader Message: Removing driver /usr/lib/x86_64-linux-gnu/GL/default/lib/libvulkan_virtio.so due to not having any physical devices
Gdk-INFO: 09:41:39.147: (gdk_vulkan_debug_report:1692): Vulkan: Loader Message: Failed to find vkGetDeviceProcAddr in layer "libVkLayer_MESA_device_select.so"
Gdk-INFO: 09:41:39.147: (gdk_vulkan_debug_report:1692): Vulkan: Loader Message: vkCreateDevice layer callstack setup to:
Gdk-INFO: 09:41:39.147: (gdk_vulkan_debug_report:1692): Vulkan: Loader Message:    <Application>
Gdk-INFO: 09:41:39.147: (gdk_vulkan_debug_report:1692): Vulkan: Loader Message:      ||
Gdk-INFO: 09:41:39.147: (gdk_vulkan_debug_report:1692): Vulkan: Loader Message:    <Loader>
Gdk-INFO: 09:41:39.147: (gdk_vulkan_debug_report:1692): Vulkan: Loader Message:      ||
Gdk-INFO: 09:41:39.147: (gdk_vulkan_debug_report:1692): Vulkan: Loader Message:    <Device>
Gdk-INFO: 09:41:39.147: (gdk_vulkan_debug_report:1692): Vulkan: Loader Message:        Using "Intel(R) UHD Graphics 620 (KBL GT2)" with driver: "/usr/lib/x86_64-linux-gnu/GL/default/lib/libvulkan_intel.so"
zrythm-Message: 09:41:39.160: (zrythm_app_startup:1234): done
zrythm-Message: 09:41:39.160: (zrythm_app_activate:562): Activating...
zrythm-Message: 09:41:39.160: (zrythm_app_activate:565): done
zrythm-Message: 09:41:39.164: (cached_plugin_descriptors_serialize_to_file:26): Serializing cached plugin descriptors...
zrythm-Message: 09:41:39.165: (cached_plugin_descriptors_serialize_to_file:38): Writing cached plugin descriptors to /run/user/1000/doc/9333645f/zrythm/cached_plugin_descriptors.yaml...
zrythm-Message: 09:41:39.183: (on_plugin_scan_finished:420): plugin scan finished
(zrythm:21): Gtk-DEBUG: 09:41:39.308: (gtk_icon_paintable_snapshot_symbolic:3929): snapshot symbolic icon using color-matrix
zrythm-Message: 09:41:39.333: (on_prompt_for_project:511): prompting for project...
zrythm-Message: 09:41:39.339: (on_prompt_for_project:544): done
(zrythm:21): Gtk-DEBUG: 09:41:39.394: (gtk_icon_paintable_snapshot_symbolic:3929): snapshot symbolic icon using color-matrix
(zrythm:21): Gtk-DEBUG: 09:41:39.395: (gtk_icon_paintable_snapshot_symbolic:3929): snapshot symbolic icon using color-matrix
(zrythm:21): Gtk-DEBUG: 09:41:39.396: (gtk_icon_paintable_snapshot_symbolic:3929): snapshot symbolic icon using color-matrix
(zrythm:21): Gtk-DEBUG: 09:41:40.713: (gtk_icon_paintable_snapshot_symbolic:3929): snapshot symbolic icon using color-matrix
(zrythm:21): Gtk-DEBUG: 09:41:40.736: (gtk_icon_paintable_snapshot_symbolic:3929): snapshot symbolic icon using color-matrix
(zrythm:21): zrythm-DEBUG: 09:41:41.683: (on_project_row_activated:144): activated /home/burij/.var/app/org.zrythm.Zrythm/data/zrythm/projects/Untitled Project/project.zpj
zrythm-Message: 09:41:41.683: (on_project_row_activated:148): Loading project: /home/burij/.var/app/org.zrythm.Zrythm/data/zrythm/projects/Untitled Project/project.zpj
zrythm-Message: 09:41:41.686: (post_finish:133): activating zrythm_app.load_project
zrythm-Message: 09:41:41.686: (greeter_widget_set_progress_and_status:339): Loading Project
(zrythm:21): zrythm-DEBUG: 09:41:41.686: (on_load_project:407): on_load_project called | open filename '/home/burij/.var/app/org.zrythm.Zrythm/data/zrythm/projects/Untitled Project/project.zpj' | opening template 0
zrythm-Message: 09:41:41.687: (project_init_flow_manager_load_or_create_default_project:1228): project_init_flow_manager_load_or_create_default_project: [STEP 0] filename: /home/burij/.var/app/org.zrythm.Zrythm/data/zrythm/projects/Untitled Project/project.zpj, is template: 0
zrythm-Message: 09:41:41.687: (project_new:714): project_new: Creating...
zrythm-Message: 09:41:41.687: (project_new:738): project_new: done
zrythm-Message: 09:41:41.687: (project_get_existing_uncompressed_text:477): project_get_existing_uncompressed_text: getting text for project file /home/burij/.var/app/org.zrythm.Zrythm/data/zrythm/projects/Untitled Project/project.zpj
zrythm-Message: 09:41:41.687: (project_get_existing_uncompressed_text:493): project_get_existing_uncompressed_text: decompressing project...
zrythm-Message: 09:41:41.687: (_project_compress:144): using zstd v1.5.6
zrythm-Message: 09:41:41.688: (_project_compress:229): Decompression : 6937 bytes -> 184945 bytes
zrythm-Message: 09:41:41.694: (continue_load_from_file_after_open_backup_response:828): time to deserialize: 4ms
zrythm-Message: 09:41:41.694: (continue_load_from_file_after_open_backup_response:863): Project successfully deserialized.
zrythm-Message: 09:41:41.694: (continue_load_from_file_after_open_backup_response:932): hiding prev window...
zrythm-Message: 09:41:41.694: (continue_load_from_file_after_open_backup_response:938): continue_load_from_file_after_open_backup_response: freeing previous project...
zrythm-Message: 09:41:41.694: (project_free:1254): project_free: tearing down...
zrythm-Message: 09:41:41.694: (project_free:1307): project_free: free'd project
zrythm-Message: 09:41:41.694: (continue_load_from_file_after_open_backup_response:942): continue_load_from_file_after_open_backup_response: initing loaded structures
zrythm-Message: 09:41:41.695: (engine_init_loaded:833): Initializing...
(zrythm:21): zrythm-DEBUG: 09:41:41.695: (audio_file_read_metadata:165): attempting to read metadata for /app/share/zrythm/samples/square_emphasis.wav
(zrythm:21): zrythm-DEBUG: 09:41:41.695: (ensure_sndfile:141): opening sndfile at /app/share/zrythm/samples/square_emphasis.wav...
(zrythm:21): zrythm-DEBUG: 09:41:41.696: (audio_file_finish:302): closing sndfile at /app/share/zrythm/samples/square_emphasis.wav...
(zrythm:21): zrythm-DEBUG: 09:41:41.696: (ensure_sndfile:141): opening sndfile at /app/share/zrythm/samples/square_emphasis.wav...
(zrythm:21): zrythm-DEBUG: 09:41:41.696: (audio_file_read_samples:274): reading all frames from file /app/share/zrythm/samples/square_emphasis.wav
(zrythm:21): zrythm-DEBUG: 09:41:41.696: (resampler_new:70): creating new resampler for 3456 frames at 48000.00 Hz to 48000.00 Hz - 1 channels
(zrythm:21): zrythm-DEBUG: 09:41:41.696: (audio_file_finish:302): closing sndfile at /app/share/zrythm/samples/square_emphasis.wav...
(zrythm:21): zrythm-DEBUG: 09:41:41.696: (audio_file_read_metadata:165): attempting to read metadata for /app/share/zrythm/samples/square_normal.wav
(zrythm:21): zrythm-DEBUG: 09:41:41.696: (ensure_sndfile:141): opening sndfile at /app/share/zrythm/samples/square_normal.wav...
(zrythm:21): zrythm-DEBUG: 09:41:41.697: (audio_file_finish:302): closing sndfile at /app/share/zrythm/samples/square_normal.wav...
(zrythm:21): zrythm-DEBUG: 09:41:41.697: (ensure_sndfile:141): opening sndfile at /app/share/zrythm/samples/square_normal.wav...
(zrythm:21): zrythm-DEBUG: 09:41:41.697: (audio_file_read_samples:274): reading all frames from file /app/share/zrythm/samples/square_normal.wav
(zrythm:21): zrythm-DEBUG: 09:41:41.697: (resampler_new:70): creating new resampler for 3072 frames at 48000.00 Hz to 48000.00 Hz - 1 channels
(zrythm:21): zrythm-DEBUG: 09:41:41.697: (audio_file_finish:302): closing sndfile at /app/share/zrythm/samples/square_normal.wav...
zrythm-Message: 09:41:41.697: (router_new:230): Creating new router...
zrythm-Message: 09:41:41.697: (router_new:239): done
zrythm-Message: 09:41:41.697: (engine_init_loaded:889): done initializing loaded engine
zrythm-Message: 09:41:41.697: (engine_pre_setup:420): engine_pre_setup: starting event timeout
zrythm-Message: 09:41:41.697: (engine_rtaudio_setup:176): Setting up RtAudio 6.0.1...
zrythm-Message: 09:41:41.698: (engine_rtaudio_create_rtaudio:119): RtAudio API found: jack
zrythm-Message: 09:41:41.698: (engine_rtaudio_create_rtaudio:119): RtAudio API found: pulse
(zrythm:21): zrythm-DEBUG: 09:41:41.698: (engine_rtaudio_create_rtaudio:131): calling rtaudio_create...
(zrythm:21): zrythm-DEBUG: 09:41:41.698: (engine_rtaudio_create_rtaudio:140): rtaudio_create() successful
zrythm-Message: 09:41:41.724: (engine_rtaudio_setup:206): RtAudio device 0: name: Internes Audio
output channels: 2
input channels: 2
duplex channels: 2
is default output: 1
is default input: 1
formats: TODO
preferred sample rate: 48000
sample rates: TODO
zrythm-Message: 09:41:41.724: (engine_rtaudio_setup:217): selected device not found, using default
zrythm-Message: 09:41:41.724: (engine_rtaudio_setup:243): Attempting to open device [Internes Audio] with sample rate 48000 and buffer size 512
zrythm-Message: 09:41:41.773: (engine_rtaudio_setup:269): RtAudio set up
zrythm-Message: 09:41:41.774: (engine_dummy_midi_setup:77): Setting up dummy MIDI engine
zrythm-Message: 09:41:41.774: (engine_pre_setup:569): engine_pre_setup: processing engine events
zrythm-Message: 09:41:41.774: (clip_editor_init_loaded:38): Initializing clip editor backend...
zrythm-Message: 09:41:41.774: (clip_editor_init_loaded:42): Done initializing clip editor backend
zrythm-Message: 09:41:41.774: (tracklist_init_loaded:61): initializing loaded Tracklist...
(zrythm:21): zrythm-DEBUG: 09:41:41.774: (channel_init_loaded:386): initing channel
(zrythm:21): zrythm-DEBUG: 09:41:41.775: (channel_init_loaded:386): initing channel
zrythm-Message: 09:41:41.775: (engine_update_frames_per_tick:146): updating frames per tick: beats per bar 4, bpm 140.000000, sample rate 48000
zrythm-Message: 09:41:41.775: (engine_update_frames_per_tick:165): frames per tick before: 21.428571 | ticks per frame before: 0.000000
zrythm-Message: 09:41:41.775: (engine_update_frames_per_tick:176): frames per tick after: 21.428571 | ticks per frame after: 0.046667
zrythm-Message: 09:41:41.775: (undo_manager_init_loaded:39): undo_manager_init_loaded: loading...
zrythm-Message: 09:41:41.775: (undo_manager_init_loaded:43): undo_manager_init_loaded: done
(zrythm:21): zrythm-DEBUG: 09:41:41.775: (channel_init_loaded:386): initing channel
zrythm-Message: 09:41:41.776: (replace_main_window:717): recreating main window...
zrythm-Message: 09:41:41.776: (recreate_main_window:121): recreating main window...
zrythm-Message: 09:41:41.777: (main_window_widget_init:502): Initing main window widget...
(zrythm:21): zrythm-DEBUG: 09:41:42.065: (z_pango_create_layout_from_description:24): font description: Normal 7
(zrythm:21): zrythm-DEBUG: 09:41:42.070: (z_pango_create_layout_from_description:24): font description: Normal 7
(zrythm:21): zrythm-DEBUG: 09:41:42.071: (z_pango_create_layout_from_description:24): font description: Normal 7
(zrythm:21): zrythm-DEBUG: 09:41:42.073: (z_pango_create_layout_from_description:24): font description: Normal 7
(zrythm:21): zrythm-DEBUG: 09:41:42.074: (z_pango_create_layout_from_description:24): font description: Normal 7
(zrythm:21): zrythm-DEBUG: 09:41:42.076: (z_pango_create_layout_from_description:24): font description: Normal 7
(zrythm:21): zrythm-DEBUG: 09:41:42.077: (z_pango_create_layout_from_description:24): font description: Normal 7
(zrythm:21): zrythm-DEBUG: 09:41:42.078: (z_pango_create_layout_from_description:24): font description: Normal 7
(zrythm:21): zrythm-DEBUG: 09:41:42.079: (z_pango_create_layout_from_description:24): font description: Normal 7
(zrythm:21): zrythm-DEBUG: 09:41:42.080: (z_pango_create_layout_from_description:24): font description: Normal 7
(zrythm:21): zrythm-DEBUG: 09:41:42.081: (z_pango_create_layout_from_description:24): font description: Normal 7
(zrythm:21): zrythm-DEBUG: 09:41:42.082: (z_pango_create_layout_from_description:24): font description: Normal 7
(zrythm:21): zrythm-DEBUG: 09:41:42.083: (z_pango_create_layout_from_description:24): font description: Normal 7
(zrythm:21): zrythm-DEBUG: 09:41:42.084: (z_pango_create_layout_from_description:24): font description: Normal 7
(zrythm:21): zrythm-DEBUG: 09:41:42.085: (z_pango_create_layout_from_description:24): font description: Normal 7
(zrythm:21): zrythm-DEBUG: 09:41:42.086: (z_pango_create_layout_from_description:24): font description: Normal 7
zrythm-Message: 09:41:42.151: (plugin_browser_widget_new:1067): setting plugin browser divider pos to 220
zrythm-Message: 09:41:42.155: (panel_file_browser_widget_new:429): Instantiating panel_file_browser widget...
zrythm-Message: 09:41:42.162: (chord_pack_browser_widget_new:341): Instantiating chord_pack_browser widget...
zrythm-Message: 09:41:42.308: (main_window_widget_init:833): done
zrythm-Message: 09:41:42.461: (project_validate:313): project_validate: validating...
(zrythm:21): zrythm-DEBUG: 09:41:42.461: (track_validate:959): validating track 'Chords'...
(zrythm:21): zrythm-DEBUG: 09:41:42.461: (track_validate:1075): done validating track 'Chords'
(zrythm:21): zrythm-DEBUG: 09:41:42.461: (track_validate:959): validating track 'Tempo'...
(zrythm:21): zrythm-DEBUG: 09:41:42.461: (track_validate:1075): done validating track 'Tempo'
(zrythm:21): zrythm-DEBUG: 09:41:42.461: (track_validate:959): validating track 'Modulators'...
(zrythm:21): zrythm-DEBUG: 09:41:42.461: (track_validate:1075): done validating track 'Modulators'
(zrythm:21): zrythm-DEBUG: 09:41:42.461: (track_validate:959): validating track 'Markers'...
(zrythm:21): zrythm-DEBUG: 09:41:42.461: (track_validate:1075): done validating track 'Markers'
(zrythm:21): zrythm-DEBUG: 09:41:42.461: (track_validate:959): validating track 'Master'...
(zrythm:21): zrythm-DEBUG: 09:41:42.461: (track_validate:1075): done validating track 'Master'
zrythm-Message: 09:41:42.461: (project_validate:339): project_validate: done
zrythm-Message: 09:41:42.461: (engine_setup:582): Setting up...
zrythm-Message: 09:41:42.461: (engine_setup:585): engine_setup: processing engine events
(zrythm:21): zrythm-DEBUG: 09:41:42.461: (hardware_processor_rescan_ext_ports:146): rescanning ports...
(zrythm:21): zrythm-DEBUG: 09:41:42.467: (get_ext_ports_from_rtaudio:633): 1 rtaudio devices found
(zrythm:21): zrythm-DEBUG: 09:41:42.471: (hardware_processor_rescan_ext_ports:250): [HW processor inputs] have 2 audio and 0 MIDI ports
(zrythm:21): zrythm-DEBUG: 09:41:42.471: (hardware_processor_rescan_ext_ports:146): rescanning ports...
(zrythm:21): zrythm-DEBUG: 09:41:42.480: (hardware_processor_rescan_ext_ports:250): [HW processor outputs] have 2 audio and 0 MIDI ports
zrythm-Message: 09:41:42.481: (port_set_expose_to_backend:3051): called port_set_expose_to_backend with MIDI dummy backend
zrythm-Message: 09:41:42.481: (port_set_expose_to_backend:3051): called port_set_expose_to_backend with MIDI dummy backend
zrythm-Message: 09:41:42.481: (engine_setup:625): processing engine events
zrythm-Message: 09:41:42.481: (engine_setup:628): done
zrythm-Message: 09:41:42.481: (continue_load_from_file_after_open_backup_response:1059): Initializing loaded Ports...
zrythm-Message: 09:41:42.481: (port_set_expose_to_backend:3051): called port_set_expose_to_backend with MIDI dummy backend
zrythm-Message: 09:41:42.481: (port_set_expose_to_backend:3051): called port_set_expose_to_backend with MIDI dummy backend
zrythm-Message: 09:41:42.481: (port_set_expose_to_backend:3051): called port_set_expose_to_backend with MIDI dummy backend
zrythm-Message: 09:41:42.481: (expose_to_rtaudio:1776): exposing Master/Stereo out L
zrythm-Message: 09:41:42.481: (expose_to_rtaudio:1776): exposing Master/Stereo out R
zrythm-Message: 09:41:42.481: (continue_load_from_file_after_open_backup_response:1073): project loaded
zrythm-Message: 09:41:42.481: (router_recalc_graph:164): Recalculating...
zrythm-Message: 09:41:42.487: (graph_update_latencies:475): updating graph latencies...
(zrythm:21): zrythm-DEBUG: 09:41:42.487: (graph_update_latencies:482): setting all latencies to 0
(zrythm:21): zrythm-DEBUG: 09:41:42.487: (graph_update_latencies:490): done setting all latencies to 0
(zrythm:21): zrythm-DEBUG: 09:41:42.487: (graph_update_latencies:492): iterating over 255 nodes...
(zrythm:21): zrythm-DEBUG: 09:41:42.487: (graph_update_latencies:503): iterating done...
zrythm-Message: 09:41:42.487: (graph_update_latencies:505): Total latencies:
Playback: 0
Recording: 0

zrythm-Message: 09:41:42.487: (audio_get_num_cores:464): Number of CPU cores found: 8
(zrythm:21): zrythm-DEBUG: 09:41:42.487: (graph_thread_new:439): creating RT thread
(zrythm:21): zrythm-DEBUG: 09:41:42.487: (get_absolute_rt_priority:320): min 1 max 99 requested -22
(zrythm:21): zrythm-DEBUG: 09:41:42.488: (get_absolute_rt_priority:348): priority before: 77
(zrythm:21): zrythm-DEBUG: 09:41:42.488: (get_absolute_rt_priority:354): current rtprio limit: 0
(zrythm:21): zrythm-DEBUG: 09:41:42.488: (get_absolute_rt_priority:362): priority after: 0
(zrythm:21): zrythm-DEBUG: 09:41:42.488: (graph_thread_new:439): creating RT thread
(zrythm:21): zrythm-DEBUG: 09:41:42.488: (get_absolute_rt_priority:320): min 1 max 99 requested -22
(zrythm:21): zrythm-DEBUG: 09:41:42.488: (get_absolute_rt_priority:348): priority before: 77
(zrythm:21): zrythm-DEBUG: 09:41:42.488: (get_absolute_rt_priority:354): current rtprio limit: 0
(zrythm:21): zrythm-DEBUG: 09:41:42.488: (get_absolute_rt_priority:362): priority after: 0
zrythm-Message: 09:41:42.488: (dsp_worker_thread:101): WORKER THREAD 0 created (num threads 6)
(zrythm:21): zrythm-DEBUG: 09:41:42.488: (graph_thread_new:439): creating RT thread
(zrythm:21): zrythm-DEBUG: 09:41:42.488: (get_absolute_rt_priority:320): min 1 max 99 requested -22
(zrythm:21): zrythm-DEBUG: 09:41:42.488: (get_absolute_rt_priority:348): priority before: 77
(zrythm:21): zrythm-DEBUG: 09:41:42.488: (get_absolute_rt_priority:354): current rtprio limit: 0
(zrythm:21): zrythm-DEBUG: 09:41:42.488: (get_absolute_rt_priority:362): priority after: 0
zrythm-Message: 09:41:42.488: (dsp_worker_thread:101): WORKER THREAD 1 created (num threads 6)
(zrythm:21): zrythm-DEBUG: 09:41:42.488: (graph_thread_new:439): creating RT thread
(zrythm:21): zrythm-DEBUG: 09:41:42.488: (get_absolute_rt_priority:320): min 1 max 99 requested -22
(zrythm:21): zrythm-DEBUG: 09:41:42.488: (get_absolute_rt_priority:348): priority before: 77
(zrythm:21): zrythm-DEBUG: 09:41:42.488: (get_absolute_rt_priority:354): current rtprio limit: 0
(zrythm:21): zrythm-DEBUG: 09:41:42.488: (get_absolute_rt_priority:362): priority after: 0
zrythm-Message: 09:41:42.488: (dsp_worker_thread:101): WORKER THREAD 2 created (num threads 6)
(zrythm:21): zrythm-DEBUG: 09:41:42.488: (graph_thread_new:439): creating RT thread
(zrythm:21): zrythm-DEBUG: 09:41:42.488: (get_absolute_rt_priority:320): min 1 max 99 requested -22
(zrythm:21): zrythm-DEBUG: 09:41:42.488: (get_absolute_rt_priority:348): priority before: 77
(zrythm:21): zrythm-DEBUG: 09:41:42.488: (get_absolute_rt_priority:354): current rtprio limit: 0
(zrythm:21): zrythm-DEBUG: 09:41:42.488: (get_absolute_rt_priority:362): priority after: 0
zrythm-Message: 09:41:42.488: (dsp_worker_thread:101): WORKER THREAD 3 created (num threads 6)
(zrythm:21): zrythm-DEBUG: 09:41:42.488: (graph_thread_new:439): creating RT thread
(zrythm:21): zrythm-DEBUG: 09:41:42.488: (get_absolute_rt_priority:320): min 1 max 99 requested -22
(zrythm:21): zrythm-DEBUG: 09:41:42.488: (get_absolute_rt_priority:348): priority before: 77
(zrythm:21): zrythm-DEBUG: 09:41:42.488: (get_absolute_rt_priority:354): current rtprio limit: 0
(zrythm:21): zrythm-DEBUG: 09:41:42.488: (get_absolute_rt_priority:362): priority after: 0
zrythm-Message: 09:41:42.488: (dsp_worker_thread:101): WORKER THREAD 4 created (num threads 6)
(zrythm:21): zrythm-DEBUG: 09:41:42.488: (graph_thread_new:439): creating RT thread
(zrythm:21): zrythm-DEBUG: 09:41:42.488: (get_absolute_rt_priority:320): min 1 max 99 requested -22
(zrythm:21): zrythm-DEBUG: 09:41:42.488: (get_absolute_rt_priority:348): priority before: 77
(zrythm:21): zrythm-DEBUG: 09:41:42.488: (get_absolute_rt_priority:354): current rtprio limit: 0
(zrythm:21): zrythm-DEBUG: 09:41:42.488: (get_absolute_rt_priority:362): priority after: 0
zrythm-Message: 09:41:42.488: (dsp_worker_thread:101): WORKER THREAD 5 created (num threads 6)
zrythm-Message: 09:41:42.488: (continue_load_from_file_after_open_backup_response:1078): setting up main window...
zrythm-Message: 09:41:42.488: (setup_main_window:160): setting up main window...
zrythm-Message: 09:41:42.488: (event_manager_start_events:1261): event_manager_start_events: starting...
zrythm-Message: 09:41:42.488: (event_manager_start_events:1269): event_manager_start_events: starting processing events...
zrythm-Message: 09:41:42.488: (event_manager_start_events:1273): event_manager_start_events: done...
zrythm-Message: 09:41:42.488: (main_window_widget_setup:341): Setting up...
(zrythm:21): zrythm-DEBUG: 09:41:42.494: (z_pango_create_layout_from_description:24): font description: Normal 7
(zrythm:21): zrythm-DEBUG: 09:41:42.495: (z_pango_create_layout_from_description:24): font description: Normal 7
(zrythm:21): zrythm-DEBUG: 09:41:42.496: (z_pango_create_layout_from_description:24): font description: Normal 7
(zrythm:21): zrythm-DEBUG: 09:41:42.497: (z_pango_create_layout_from_description:24): font description: Normal 7
(zrythm:21): zrythm-DEBUG: 09:41:42.498: (tracklist_widget_hard_refresh:568): hard refreshing tracklist
(zrythm:21): zrythm-DEBUG: 09:41:42.498: (track_widget_new:1804): creating new track widget for Chords
(zrythm:21): zrythm-DEBUG: 09:41:42.502: (track_widget_new:1804): creating new track widget for Tempo
(zrythm:21): zrythm-DEBUG: 09:41:42.503: (track_widget_new:1804): creating new track widget for Modulators
(zrythm:21): zrythm-DEBUG: 09:41:42.504: (track_widget_new:1804): creating new track widget for Markers
(zrythm:21): zrythm-DEBUG: 09:41:42.505: (track_widget_new:1804): creating new track widget for Master
(zrythm:21): zrythm-DEBUG: 09:41:42.509: (tracklist_widget_hard_refresh:604): done hard refreshing tracklist
(zrythm:21): zrythm-DEBUG: 09:41:42.510: (ruler_widget_refresh:1801): pushing UI event ET_RULER_SIZE_CHANGED (ruler_widget_refresh:1801)
(zrythm:21): zrythm-DEBUG: 09:41:42.510: (ruler_widget_refresh:1801): pushing UI event ET_RULER_SIZE_CHANGED (ruler_widget_refresh:1801)
(zrythm:21): zrythm-DEBUG: 09:41:42.510: (arranger_widget_setup:6032): setting up arranger widget...
(zrythm:21): zrythm-DEBUG: 09:41:42.512: (z_pango_create_layout_from_description:24): font description: Normal 8
(zrythm:21): zrythm-DEBUG: 09:41:42.515: (arranger_widget_setup:6132): done setting up arranger
(zrythm:21): zrythm-DEBUG: 09:41:42.515: (arranger_widget_setup:6032): setting up arranger widget...
(zrythm:21): zrythm-DEBUG: 09:41:42.518: (z_pango_create_layout_from_description:24): font description: Normal 8
(zrythm:21): zrythm-DEBUG: 09:41:42.518: (arranger_widget_setup:6132): done setting up arranger
(zrythm:21): zrythm-DEBUG: 09:41:42.521: (arranger_widget_setup:6032): setting up arranger widget...
(zrythm:21): zrythm-DEBUG: 09:41:42.521: (z_pango_create_layout_from_description:24): font description: Normal 8
(zrythm:21): zrythm-DEBUG: 09:41:42.522: (z_pango_create_layout_from_description:24): font description: Normal 8
(zrythm:21): zrythm-DEBUG: 09:41:42.522: (arranger_widget_setup:6132): done setting up arranger
(zrythm:21): zrythm-DEBUG: 09:41:42.522: (arranger_widget_setup:6032): setting up arranger widget...
(zrythm:21): zrythm-DEBUG: 09:41:42.522: (z_pango_create_layout_from_description:24): font description: Normal 8
(zrythm:21): zrythm-DEBUG: 09:41:42.523: (arranger_widget_setup:6132): done setting up arranger
(zrythm:21): zrythm-DEBUG: 09:41:42.523: (arranger_widget_setup:6032): setting up arranger widget...
(zrythm:21): zrythm-DEBUG: 09:41:42.523: (z_pango_create_layout_from_description:24): font description: Normal 8
(zrythm:21): zrythm-DEBUG: 09:41:42.523: (z_pango_create_layout_from_description:24): font description: Normal 8
(zrythm:21): zrythm-DEBUG: 09:41:42.523: (arranger_widget_setup:6132): done setting up arranger
(zrythm:21): zrythm-DEBUG: 09:41:42.523: (piano_roll_keys_widget_refresh:392): pushing UI event ET_PIANO_ROLL_KEY_HEIGHT_CHANGED (piano_roll_keys_widget_refresh:392)
(zrythm:21): zrythm-DEBUG: 09:41:42.523: (piano_roll_set_midi_modifier:264): pushing UI event ET_PIANO_ROLL_MIDI_MODIFIER_CHANGED (piano_roll_set_midi_modifier:264)
(zrythm:21): zrythm-DEBUG: 09:41:42.523: (arranger_widget_setup:6032): setting up arranger widget...
(zrythm:21): zrythm-DEBUG: 09:41:42.523: (z_pango_create_layout_from_description:24): font description: Normal 8
(zrythm:21): zrythm-DEBUG: 09:41:42.523: (arranger_widget_setup:6132): done setting up arranger
(zrythm:21): zrythm-DEBUG: 09:41:42.527: (arranger_widget_setup:6032): setting up arranger widget...
(zrythm:21): zrythm-DEBUG: 09:41:42.527: (z_pango_create_layout_from_description:24): font description: Normal 8
(zrythm:21): zrythm-DEBUG: 09:41:42.527: (z_pango_create_layout_from_description:24): font description: Normal 8
(zrythm:21): zrythm-DEBUG: 09:41:42.527: (arranger_widget_setup:6132): done setting up arranger
zrythm-Message: 09:41:42.527: (clip_editor_inner_widget_refresh:95): refreshing...
zrythm-Message: 09:41:42.527: (clip_editor_inner_widget_refresh:185): done
zrythm-Message: 09:41:42.528: (mixer_widget_setup:147): Setting up...
zrythm-Message: 09:41:42.563: (mixer_widget_setup:164): done
(zrythm:21): zrythm-DEBUG: 09:41:42.575: (main_window_widget_setup:379): pushing UI event ET_TRACK_CHANGED (main_window_widget_setup:379)
(zrythm:21): zrythm-DEBUG: 09:41:42.575: (main_window_widget_setup:380): pushing UI event ET_ARRANGER_SELECTIONS_CHANGED (main_window_widget_setup:380)
(zrythm:21): zrythm-DEBUG: 09:41:42.575: (main_window_widget_setup:383): pushing UI event ET_MAIN_WINDOW_LOADED (main_window_widget_setup:383)
zrythm-Message: 09:41:42.691: (event_manager_process_now:1335): processing events now...
(zrythm:21): zrythm-DEBUG: 09:41:42.692: (left_dock_edge_widget_refresh:78): refreshing left dock edge...
(zrythm:21): zrythm-DEBUG: 09:41:42.692: (inspector_track_widget_show_tracks:82): showing 1 tracks (set notebook page: 0)
(zrythm:21): zrythm-DEBUG: 09:41:42.692: (inspector_track_widget_show_tracks:100): track Master
(zrythm:21): zrythm-DEBUG: 09:41:42.720: (inspector_plugin_widget_show:51): showing plugin inspector contents (set notebook page: 0)...
(zrythm:21): zrythm-DEBUG: 09:41:42.720: (timeline_toolbar_widget_refresh:28): settings merge button sensitivity 0
(zrythm:21): zrythm-DEBUG: 09:41:42.720: (left_dock_edge_widget_refresh:78): refreshing left dock edge...
(zrythm:21): zrythm-DEBUG: 09:41:42.720: (inspector_track_widget_show_tracks:82): showing 1 tracks (set notebook page: 0)
(zrythm:21): zrythm-DEBUG: 09:41:42.720: (inspector_track_widget_show_tracks:100): track Master
(zrythm:21): zrythm-DEBUG: 09:41:42.729: (inspector_plugin_widget_show:51): showing plugin inspector contents (set notebook page: 0)...
zrythm-Message: 09:41:42.729: (ui_show_message_full:156): (null): Your user does not have enough privileges to allow Zrythm to lock unlimited memory. This may cause audio dropouts. Please refer to the 'Getting Started' section in the user manual for details.
(zrythm:21): zrythm-DEBUG: 09:41:42.731: (on_focus_widget_changed:424): nothing focused
zrythm-Message: 09:41:42.740: (ui_show_message_full:156): (null): Your user does not have enough privileges to allow Zrythm to set the scheduling priority of threads. Please refer to the 'Getting Started' section in the user manual for details.
zrythm-Message: 09:41:42.746: (process_events:1245): More than 6 events processed. Optimization needed.
zrythm-Message: 09:41:42.746: (event_manager_process_now:1340): done
zrythm-Message: 09:41:42.746: (main_window_widget_setup:393): done
(zrythm:21): zrythm-DEBUG: 09:41:42.746: (setup_main_window:164): pushing UI event ET_PROJECT_LOADED (setup_main_window:164)
zrythm-Message: 09:41:42.746: (project_activate:443): Activating main project Untitled Project (0x562148191230)...
zrythm-Message: 09:41:42.746: (engine_activate:1122): Activating...
zrythm-Message: 09:41:42.746: (engine_activate:1138): engine_activate: processing engine events
zrythm-Message: 09:41:42.746: (engine_realloc_port_buffers:1226): Block length changed to 512. reallocating buffers...
zrythm-Message: 09:41:42.746: (router_recalc_graph:164): Recalculating...
zrythm-Message: 09:41:42.748: (graph_update_latencies:475): updating graph latencies...
(zrythm:21): zrythm-DEBUG: 09:41:42.748: (graph_update_latencies:482): setting all latencies to 0
(zrythm:21): zrythm-DEBUG: 09:41:42.748: (graph_update_latencies:490): done setting all latencies to 0
(zrythm:21): zrythm-DEBUG: 09:41:42.748: (graph_update_latencies:492): iterating over 255 nodes...
(zrythm:21): zrythm-DEBUG: 09:41:42.748: (graph_update_latencies:503): iterating done...
zrythm-Message: 09:41:42.748: (graph_update_latencies:505): Total latencies:
Playback: 0
Recording: 0

zrythm-Message: 09:41:42.748: (router_recalc_graph:198): done
zrythm-Message: 09:41:42.748: (engine_realloc_port_buffers:1286): done
zrythm-Message: 09:41:42.748: (engine_rtaudio_activate:279): engine_rtaudio_activate: activating...
zrythm-Message: 09:41:42.748: (engine_rtaudio_activate:288): engine_rtaudio_activate: done
zrythm-Message: 09:41:42.748: (hardware_processor_activate:346): hw processor activate: 1
zrythm-Message: 09:41:42.749: (engine_activate:1208): processing engine events
(zrythm:21): zrythm-DEBUG: 09:41:42.749: (engine_activate:1215): pushing UI event ET_ENGINE_ACTIVATE_CHANGED (engine_activate:1215)
zrythm-Message: 09:41:42.749: (engine_activate:1218): done
zrythm-Message: 09:41:42.749: (engine_wait_for_pause:963): waiting for engine to pause...
zrythm-Message: 09:41:42.749: (midi_events_panic_all:1055): ~ midi panic all (queued: 1) ~
zrythm-Message: 09:41:42.749: (engine_wait_for_pause:1022): setting run to 0 and waiting for cycle to finish...
zrythm-Message: 09:41:42.749: (dsp_worker_thread:101): WORKER THREAD -1 created (num threads 6)
zrythm-Message: 09:41:42.749: (engine_wait_for_pause:1030): cycle finished
(zrythm:21): zrythm-DEBUG: 09:41:42.749: (hardware_processor_rescan_ext_ports:146): rescanning ports...
(zrythm:21): zrythm-DEBUG: 09:41:42.756: (get_ext_ports_from_rtaudio:633): 1 rtaudio devices found
(zrythm:21): zrythm-DEBUG: 09:41:42.761: (hardware_processor_rescan_ext_ports:250): [HW processor inputs] have 2 audio and 0 MIDI ports
(zrythm:21): zrythm-DEBUG: 09:41:42.761: (channel_reconnect_ext_input_ports:522): reconnecting ext inputs for Chords
zrythm-Message: 09:41:42.761: (port_set_expose_to_backend:3051): called port_set_expose_to_backend with MIDI dummy backend
zrythm-Message: 09:41:42.761: (router_recalc_graph:164): Recalculating...
zrythm-Message: 09:41:42.763: (graph_update_latencies:475): updating graph latencies...
(zrythm:21): zrythm-DEBUG: 09:41:42.763: (graph_update_latencies:482): setting all latencies to 0
(zrythm:21): zrythm-DEBUG: 09:41:42.763: (graph_update_latencies:490): done setting all latencies to 0
(zrythm:21): zrythm-DEBUG: 09:41:42.763: (graph_update_latencies:492): iterating over 255 nodes...
(zrythm:21): zrythm-DEBUG: 09:41:42.763: (graph_update_latencies:503): iterating done...
zrythm-Message: 09:41:42.763: (graph_update_latencies:505): Total latencies:
Playback: 0
Recording: 0

zrythm-Message: 09:41:42.763: (router_recalc_graph:198): done
(zrythm:21): zrythm-DEBUG: 09:41:42.763: (channel_reconnect_ext_input_ports:522): reconnecting ext inputs for Master
zrythm-Message: 09:41:42.763: (router_recalc_graph:164): Recalculating...
zrythm-Message: 09:41:42.764: (graph_update_latencies:475): updating graph latencies...
(zrythm:21): zrythm-DEBUG: 09:41:42.764: (graph_update_latencies:482): setting all latencies to 0
(zrythm:21): zrythm-DEBUG: 09:41:42.764: (graph_update_latencies:490): done setting all latencies to 0
(zrythm:21): zrythm-DEBUG: 09:41:42.764: (graph_update_latencies:492): iterating over 255 nodes...
(zrythm:21): zrythm-DEBUG: 09:41:42.764: (graph_update_latencies:503): iterating done...
zrythm-Message: 09:41:42.764: (graph_update_latencies:505): Total latencies:
Playback: 0
Recording: 0

zrythm-Message: 09:41:42.764: (router_recalc_graph:198): done
zrythm-Message: 09:41:42.765: (channel_expose_ports_to_backend:475): channel_expose_ports_to_backend: Chords
zrythm-Message: 09:41:42.765: (port_set_expose_to_backend:3051): called port_set_expose_to_backend with MIDI dummy backend
zrythm-Message: 09:41:42.765: (port_set_expose_to_backend:3051): called port_set_expose_to_backend with MIDI dummy backend
zrythm-Message: 09:41:42.765: (channel_expose_ports_to_backend:475): channel_expose_ports_to_backend: Master
zrythm-Message: 09:41:42.765: (expose_to_rtaudio:1776): exposing Master/TP Stereo in L
zrythm-Message: 09:41:42.765: (expose_to_rtaudio:1776): exposing Master/TP Stereo in R
zrythm-Message: 09:41:42.765: (expose_to_rtaudio:1776): exposing Master/Stereo out L
zrythm-Message: 09:41:42.765: (expose_to_rtaudio:1776): exposing Master/Stereo out R
zrythm-Message: 09:41:42.765: (router_recalc_graph:164): Recalculating...
zrythm-Message: 09:41:42.766: (graph_update_latencies:475): updating graph latencies...
(zrythm:21): zrythm-DEBUG: 09:41:42.766: (graph_update_latencies:482): setting all latencies to 0
(zrythm:21): zrythm-DEBUG: 09:41:42.766: (graph_update_latencies:490): done setting all latencies to 0
(zrythm:21): zrythm-DEBUG: 09:41:42.766: (graph_update_latencies:492): iterating over 255 nodes...
(zrythm:21): zrythm-DEBUG: 09:41:42.766: (graph_update_latencies:503): iterating done...
zrythm-Message: 09:41:42.766: (graph_update_latencies:505): Total latencies:
Playback: 0
Recording: 0

zrythm-Message: 09:41:42.766: (router_recalc_graph:198): done
zrythm-Message: 09:41:42.766: (project_fix_audio_regions:348): fixing audio region positions...
zrythm-Message: 09:41:42.766: (project_fix_audio_regions:371): done fixing 0 audio region positions
zrythm-Message: 09:41:42.766: (engine_resume:1066): resuming engine...
(zrythm:21): zrythm-DEBUG: 09:41:42.766: (transport_move_playhead:667): pushing UI event ET_PLAYHEAD_POS_CHANGED_MANUALLY (transport_move_playhead:667)
zrythm-Message: 09:41:42.766: (engine_resume:1090): restarting engine: setting fade in samples
zrythm-Message: 09:41:42.766: (project_activate:476): Project Untitled Project (0x562148191230) activated
(zrythm:21): zrythm-DEBUG: 09:41:42.766: (cleanup_flow_mgr_cb:1207): cleaning up project init flow manager...
zrythm-Message: 09:41:42.766: (on_setup_main_window:334): setting up...
zrythm-Message: 09:41:42.766: (on_setup_main_window:356): done
(zrythm:21): zrythm-DEBUG: 09:41:42.766: (cleanup_flow_mgr_cb:1217): done cleaning up project init flow manager
(zrythm:21): zrythm-DEBUG: 09:41:42.782: (inspector_track_widget_show_tracks:82): showing 1 tracks (set notebook page: 0)
(zrythm:21): zrythm-DEBUG: 09:41:42.782: (inspector_track_widget_show_tracks:100): track Master
(zrythm:21): Gtk-DEBUG: 09:41:43.042: (gtk_icon_paintable_snapshot_symbolic:3929): snapshot symbolic icon using color-matrix
(zrythm:21): Gtk-DEBUG: 09:41:43.066: (gtk_icon_paintable_snapshot_symbolic:3929): snapshot symbolic icon using color-matrix
(zrythm:21): zrythm-DEBUG: 09:41:43.066: (z_pango_create_layout_from_description:24): font description: sans-serif 7
(zrythm:21): zrythm-DEBUG: 09:41:43.075: (z_pango_create_layout_from_description:24): font description: DSEG14 Classic Mini Italic 12
(zrythm:21): zrythm-DEBUG: 09:41:43.087: (z_pango_create_layout_from_description:57): fontname: DSEG14 Classic Mini
(zrythm:21): zrythm-DEBUG: 09:41:43.087: (z_pango_create_layout_from_description:24): font description: sans-serif Bold 11
(zrythm:21): zrythm-DEBUG: 09:41:43.097: (z_pango_create_layout_from_description:24): font description: sans-serif 7
(zrythm:21): zrythm-DEBUG: 09:41:43.097: (z_pango_create_layout_from_description:24): font description: DSEG14 Classic Mini Italic 12
(zrythm:21): zrythm-DEBUG: 09:41:43.108: (z_pango_create_layout_from_description:57): fontname: DSEG14 Classic Mini
(zrythm:21): zrythm-DEBUG: 09:41:43.109: (z_pango_create_layout_from_description:24): font description: sans-serif Bold 11
(zrythm:21): zrythm-DEBUG: 09:41:43.109: (z_pango_create_layout_from_description:24): font description: sans-serif 7
(zrythm:21): zrythm-DEBUG: 09:41:43.109: (z_pango_create_layout_from_description:24): font description: DSEG14 Classic Mini Italic 12
(zrythm:21): zrythm-DEBUG: 09:41:43.118: (z_pango_create_layout_from_description:57): fontname: DSEG14 Classic Mini
(zrythm:21): zrythm-DEBUG: 09:41:43.118: (z_pango_create_layout_from_description:24): font description: sans-serif Bold 11
(zrythm:21): Gtk-DEBUG: 09:41:43.120: (gtk_icon_paintable_snapshot_symbolic:3917): snapshot symbolic icon using mask
(zrythm:21): Gtk-DEBUG: 09:41:43.120: (gtk_icon_paintable_snapshot_symbolic:3917): snapshot symbolic icon using mask
(zrythm:21): Gtk-DEBUG: 09:41:43.120: (gtk_icon_paintable_snapshot_symbolic:3929): snapshot symbolic icon using color-matrix
(zrythm:21): Gtk-DEBUG: 09:41:43.120: (gtk_icon_paintable_snapshot_symbolic:3929): snapshot symbolic icon using color-matrix
(zrythm:21): Gtk-DEBUG: 09:41:43.120: (gtk_icon_paintable_snapshot_symbolic:3917): snapshot symbolic icon using mask
(zrythm:21): Gtk-DEBUG: 09:41:43.120: (gtk_icon_paintable_snapshot_symbolic:3929): snapshot symbolic icon using color-matrix
(zrythm:21): Gtk-DEBUG: 09:41:43.120: (gtk_icon_paintable_snapshot_symbolic:3929): snapshot symbolic icon using color-matrix
(zrythm:21): Gtk-DEBUG: 09:41:43.120: (gtk_icon_paintable_snapshot_symbolic:3929): snapshot symbolic icon using color-matrix
(zrythm:21): Gtk-DEBUG: 09:41:43.313: (gtk_icon_paintable_snapshot_symbolic:3929): snapshot symbolic icon using color-matrix
(zrythm:21): Gtk-DEBUG: 09:41:43.313: (gtk_icon_paintable_snapshot_symbolic:3929): snapshot symbolic icon using color-matrix
(zrythm:21): zrythm-DEBUG: 09:41:48.615: (get_group_icon:811): icon name for org.zrythm.Zrythm.preferences.general.paths: gnome-icon-library-controls-big-symbolic
(zrythm:21): zrythm-DEBUG: 09:41:48.615: (get_group_icon:811): icon name for org.zrythm.Zrythm.preferences.general.other: gnome-icon-library-controls-big-symbolic
(zrythm:21): zrythm-DEBUG: 09:41:48.615: (get_group_icon:811): icon name for org.zrythm.Zrythm.preferences.general.engine: gnome-icon-library-controls-big-symbolic
(zrythm:21): zrythm-DEBUG: 09:41:48.615: (get_group_icon:811): icon name for org.zrythm.Zrythm.preferences.general.updates: gnome-icon-library-controls-big-symbolic
zrythm-Message: 09:41:48.615: (add_group:870): adding group General (General)
zrythm-Message: 09:41:48.620: (add_subgroup:665): adding subgroup Engine (Engine)
zrythm-Message: 09:41:48.621: (add_subgroup:723): adding control for audio-backend
zrythm-Message: 09:41:48.626: (add_subgroup:723): adding control for rtaudio-audio-device-name
(zrythm:21): zrythm-DEBUG: 09:41:48.628: (engine_rtaudio_create_rtaudio:131): calling rtaudio_create...
(zrythm:21): zrythm-DEBUG: 09:41:48.628: (engine_rtaudio_create_rtaudio:140): rtaudio_create() successful
zrythm-Message: 09:41:48.643: (engine_rtaudio_get_device_names:345): RtAudio device 0: Internes Audio
zrythm-Message: 09:41:48.644: (ui_setup_audio_device_name_combo_row:878): current device from settings: 

(zrythm:21): zrythm-WARNING **: 09:41:48.644: (ui_setup_audio_device_name_combo_row:891): rtaudio device not found, selecting first
zrythm-Message: 09:41:48.644: (add_subgroup:723): adding control for midi-backend
zrythm-Message: 09:41:48.647: (add_subgroup:723): adding control for buffer-size
zrythm-Message: 09:41:48.650: (add_subgroup:723): adding control for midi-controllers
zrythm-Message: 09:41:48.651: (add_subgroup:723): adding control for sample-rate
zrythm-Message: 09:41:48.654: (add_subgroup:723): adding control for audio-inputs
zrythm-Message: 09:41:48.655: (add_subgroup:723): adding control for sdl-audio-device-name
(zrythm:21): zrythm-DEBUG: 09:41:48.657: (engine_rtaudio_create_rtaudio:131): calling rtaudio_create...
(zrythm:21): zrythm-DEBUG: 09:41:48.657: (engine_rtaudio_create_rtaudio:140): rtaudio_create() successful
zrythm-Message: 09:41:48.671: (engine_rtaudio_get_device_names:345): RtAudio device 0: Internes Audio
zrythm-Message: 09:41:48.672: (ui_setup_audio_device_name_combo_row:878): current device from settings: 

(zrythm:21): zrythm-WARNING **: 09:41:48.672: (ui_setup_audio_device_name_combo_row:891): rtaudio device not found, selecting first
zrythm-Message: 09:41:48.672: (add_subgroup:665): adding subgroup Paths (Paths)
zrythm-Message: 09:41:48.672: (add_subgroup:723): adding control for zrythm-dir
zrythm-Message: 09:41:48.674: (add_subgroup:665): adding subgroup Updates (Updates)
zrythm-Message: 09:41:48.674: (add_subgroup:723): adding control for check-for-updates
zrythm-Message: 09:41:48.675: (add_subgroup:665): adding subgroup Other (Other)
zrythm-Message: 09:41:48.676: (add_subgroup:723): adding control for reset-to-factory
(zrythm:21): zrythm-DEBUG: 09:41:48.676: (get_group_icon:811): icon name for org.zrythm.Zrythm.preferences.plugins.paths: gnome-icon-library-puzzle-piece-symbolic
(zrythm:21): zrythm-DEBUG: 09:41:48.677: (get_group_icon:811): icon name for org.zrythm.Zrythm.preferences.plugins.uis: gnome-icon-library-puzzle-piece-symbolic
zrythm-Message: 09:41:48.677: (add_group:870): adding group Plugins (Plugins)
zrythm-Message: 09:41:48.680: (add_subgroup:665): adding subgroup UIs (UIs)
zrythm-Message: 09:41:48.681: (add_subgroup:723): adding control for open-on-instantiate
zrythm-Message: 09:41:48.682: (add_subgroup:723): adding control for stay-on-top
zrythm-Message: 09:41:48.683: (add_subgroup:723): adding control for refresh-rate
zrythm-Message: 09:41:48.684: (add_subgroup:723): adding control for scale-factor
zrythm-Message: 09:41:48.686: (add_subgroup:665): adding subgroup Paths (Paths)
zrythm-Message: 09:41:48.686: (add_subgroup:723): adding control for lv2-search-paths
zrythm-Message: 09:41:48.687: (add_subgroup:723): adding control for vst2-search-paths
zrythm-Message: 09:41:48.688: (add_subgroup:723): adding control for dssi-search-paths
zrythm-Message: 09:41:48.689: (add_subgroup:723): adding control for sfz-search-paths
zrythm-Message: 09:41:48.690: (add_subgroup:723): adding control for jsfx-search-paths
zrythm-Message: 09:41:48.691: (add_subgroup:723): adding control for clap-search-paths
zrythm-Message: 09:41:48.692: (add_subgroup:723): adding control for ladspa-search-paths
zrythm-Message: 09:41:48.693: (add_subgroup:723): adding control for vst3-search-paths
zrythm-Message: 09:41:48.694: (add_subgroup:723): adding control for sf2-search-paths
(zrythm:21): zrythm-DEBUG: 09:41:48.695: (get_group_icon:811): icon name for org.zrythm.Zrythm.preferences.dsp.pan: gnome-icon-library-terminal-symbolic
zrythm-Message: 09:41:48.695: (add_group:870): adding group DSP (DSP)
zrythm-Message: 09:41:48.700: (add_subgroup:665): adding subgroup Pan (Pan)
zrythm-Message: 09:41:48.701: (add_subgroup:723): adding control for pan-algorithm
zrythm-Message: 09:41:48.704: (add_subgroup:723): adding control for pan-law
(zrythm:21): zrythm-DEBUG: 09:41:48.707: (get_group_icon:811): icon name for org.zrythm.Zrythm.preferences.editing.automation: pencil
(zrythm:21): zrythm-DEBUG: 09:41:48.707: (get_group_icon:811): icon name for org.zrythm.Zrythm.preferences.editing.audio: pencil
(zrythm:21): zrythm-DEBUG: 09:41:48.707: (get_group_icon:811): icon name for org.zrythm.Zrythm.preferences.editing.undo: pencil
zrythm-Message: 09:41:48.707: (add_group:870): adding group Editing (Editing)
zrythm-Message: 09:41:48.714: (add_subgroup:665): adding subgroup Audio (Audio)
zrythm-Message: 09:41:48.714: (add_subgroup:723): adding control for fade-algorithm
zrythm-Message: 09:41:48.716: (add_subgroup:665): adding subgroup Automation (Automation)
zrythm-Message: 09:41:48.717: (add_subgroup:723): adding control for curve-algorithm
zrythm-Message: 09:41:48.719: (add_subgroup:665): adding subgroup Undo (Undo)
zrythm-Message: 09:41:48.720: (add_subgroup:723): adding control for undo-stack-length
(zrythm:21): zrythm-DEBUG: 09:41:48.721: (get_group_icon:811): icon name for org.zrythm.Zrythm.preferences.projects.general: gnome-icon-library-rich-text-symbolic
zrythm-Message: 09:41:48.721: (add_group:870): adding group Projects (Projects)
zrythm-Message: 09:41:48.727: (add_subgroup:665): adding subgroup General (General)
zrythm-Message: 09:41:48.727: (add_subgroup:723): adding control for autosave-interval
(zrythm:21): zrythm-DEBUG: 09:41:48.728: (get_group_icon:811): icon name for org.zrythm.Zrythm.preferences.ui.general: gnome-icon-library-display-symbolic
zrythm-Message: 09:41:48.728: (add_group:870): adding group UI (UI)
zrythm-Message: 09:41:48.735: (add_subgroup:665): adding subgroup General (General)
zrythm-Message: 09:41:48.736: (add_subgroup:723): adding control for graphic-detail
zrythm-Message: 09:41:48.738: (add_subgroup:723): adding control for font-scale
zrythm-Message: 09:41:48.739: (add_subgroup:723): adding control for language
zrythm-Message: 09:41:48.741: (add_subgroup:723): adding control for css-theme
zrythm-Message: 09:41:48.743: (add_subgroup:723): adding control for icon-theme

(zrythm:21): zrythm-WARNING **: 09:41:48.743: (append_files_from_dir_ending_in:343): Failed opening directory /run/user/1000/doc/9333645f/zrythm/themes/icons: Error opening directory ?/run/user/1000/doc/9333645f/zrythm/themes/icons?: No such file or directory
(zrythm:21): zrythm-DEBUG: 09:41:48.745: (on_focus_widget_changed:424): nothing focused
(zrythm:21): Gtk-DEBUG: 09:41:48.986: (gtk_icon_paintable_snapshot_symbolic:3929): snapshot symbolic icon using color-matrix
(zrythm:21): Gtk-DEBUG: 09:41:48.987: (gtk_icon_paintable_snapshot_symbolic:3929): snapshot symbolic icon using color-matrix
(zrythm:21): Gtk-DEBUG: 09:41:48.988: (gtk_icon_paintable_snapshot_symbolic:3929): snapshot symbolic icon using color-matrix
(zrythm:21): Gtk-DEBUG: 09:41:48.988: (gtk_icon_paintable_snapshot_symbolic:3929): snapshot symbolic icon using color-matrix
(zrythm:21): Gtk-DEBUG: 09:41:48.989: (gtk_icon_paintable_snapshot_symbolic:3929): snapshot symbolic icon using color-matrix
(zrythm:21): Gtk-DEBUG: 09:41:48.990: (gtk_icon_paintable_snapshot_symbolic:3929): snapshot symbolic icon using color-matrix
(zrythm:21): Gtk-DEBUG: 09:41:48.995: (gtk_icon_paintable_snapshot_symbolic:3929): snapshot symbolic icon using color-matrix
(zrythm:21): Gtk-DEBUG: 09:41:48.995: (gtk_icon_paintable_snapshot_symbolic:3929): snapshot symbolic icon using color-matrix
(zrythm:21): zrythm-DEBUG: 09:41:49.839: (log_idle_cb:816): pushing UI event ET_LOG_WARNING_STATE_CHANGED (log_idle_cb:816)
(zrythm:21): Gtk-DEBUG: 09:41:51.063: (gtk_icon_paintable_snapshot_symbolic:3929): snapshot symbolic icon using color-matrix
(zrythm:21): Gtk-DEBUG: 09:41:51.110: (gtk_icon_paintable_snapshot_symbolic:3929): snapshot symbolic icon using color-matrix
(zrythm:21): Gtk-DEBUG: 09:41:51.260: (gtk_icon_paintable_snapshot_symbolic:3929): snapshot symbolic icon using color-matrix
(zrythm:21): Gtk-DEBUG: 09:41:51.514: (gtk_icon_paintable_snapshot_symbolic:3929): snapshot symbolic icon using color-matrix
(zrythm:21): Gtk-DEBUG: 09:41:51.615: (gtk_icon_paintable_snapshot_symbolic:3929): snapshot symbolic icon using color-matrix
(zrythm:21): Gtk-DEBUG: 09:41:51.782: (gtk_icon_paintable_snapshot_symbolic:3929): snapshot symbolic icon using color-matrix
(zrythm:21): Gtk-DEBUG: 09:41:52.249: (gtk_icon_paintable_snapshot_symbolic:3929): snapshot symbolic icon using color-matrix
(zrythm:21): Gtk-DEBUG: 09:41:52.616: (gtk_icon_paintable_snapshot_symbolic:3929): snapshot symbolic icon using color-matrix
(zrythm:21): Gtk-DEBUG: 09:41:52.650: (gtk_icon_paintable_snapshot_symbolic:3929): snapshot symbolic icon using color-matrix
(zrythm:21): Gtk-DEBUG: 09:41:52.999: (gtk_icon_paintable_snapshot_symbolic:3929): snapshot symbolic icon using color-matrix
(zrythm:21): zrythm-DEBUG: 09:41:53.062: (on_close_request:142): on_close_request: main window delete event called
zrythm-Message: 09:41:53.079: (zrythm_app_on_shutdown:1246): Shutting down...
zrythm-Message: 09:41:53.080: (zrythm_free:655): zrythm_free: deleting Zrythm instance...
zrythm-Message: 09:41:53.080: (project_free:1254): project_free: tearing down...
zrythm-Message: 09:41:53.080: (engine_activate:1126): Deactivating...
zrythm-Message: 09:41:53.080: (engine_wait_for_pause:963): waiting for engine to pause...
zrythm-Message: 09:41:53.080: (engine_wait_for_pause:979): setting fade out samples and waiting for remaining samples to become 0
zrythm-Message: 09:41:53.240: (midi_events_panic_all:1055): ~ midi panic all (queued: 1) ~
zrythm-Message: 09:41:53.240: (engine_wait_for_pause:1022): setting run to 0 and waiting for cycle to finish...
zrythm-Message: 09:41:53.240: (engine_wait_for_pause:1030): cycle finished
(zrythm:21): zrythm-DEBUG: 09:41:53.241: (hardware_processor_rescan_ext_ports:146): rescanning ports...
(zrythm:21): zrythm-DEBUG: 09:41:53.256: (get_ext_ports_from_rtaudio:633): 1 rtaudio devices found
(zrythm:21): zrythm-DEBUG: 09:41:53.272: (hardware_processor_rescan_ext_ports:250): [HW processor inputs] have 2 audio and 0 MIDI ports
zrythm-Message: 09:41:53.272: (hardware_processor_activate:346): hw processor activate: 0
zrythm-Message: 09:41:53.272: (engine_rtaudio_activate:284): engine_rtaudio_activate: deactivating...
zrythm-Message: 09:41:53.314: (engine_rtaudio_activate:288): engine_rtaudio_activate: done
zrythm-Message: 09:41:53.314: (engine_activate:1208): processing engine events
zrythm-Message: 09:41:53.314: (engine_activate:1218): done
zrythm-Message: 09:41:53.314: (undo_manager_free:374): undo_manager_free: freeing...
zrythm-Message: 09:41:53.314: (undo_stack_free:370): undo_stack_free: freeing...
zrythm-Message: 09:41:53.314: (undo_stack_free:383): undo_stack_free: done
zrythm-Message: 09:41:53.314: (undo_stack_free:370): undo_stack_free: freeing...
zrythm-Message: 09:41:53.314: (undo_stack_free:383): undo_stack_free: done
zrythm-Message: 09:41:53.314: (undo_manager_free:383): undo_manager_free: done
zrythm-Message: 09:41:53.314: (tracklist_free:1814): tracklist_free: freeing...
zrythm-Message: 09:41:53.314: (tracklist_remove_track:791): tracklist_remove_track: removing [4] Master - remove plugins 1 - free track 1 - pub events 0 - recalc graph 0 - num tracks before deletion: 5
zrythm-Message: 09:41:53.314: (track_lane_clear:377): clearing track lane 0 (0x562147f6f710) for track 'Master' | num regions 0
zrythm-Message: 09:41:53.314: (track_disconnect:2054): disconnecting track 'Master' (4)...
(zrythm:21): zrythm-DEBUG: 09:41:53.315: (remove_connection:375): Disconnected <[track 3264778385] Ch Fader out L => [track 3264778385] Stereo out L>; have 41 connections
(zrythm:21): zrythm-DEBUG: 09:41:53.315: (remove_connection:375): Disconnected <[track 3264778385] Stereo out L => [track 0] Monitor Fader in L>; have 40 connections
(zrythm:21): zrythm-DEBUG: 09:41:53.315: (remove_connection:375): Disconnected <[track 3264778385] Ch Fader out R => [track 3264778385] Stereo out R>; have 39 connections
(zrythm:21): zrythm-DEBUG: 09:41:53.315: (remove_connection:375): Disconnected <[track 3264778385] Stereo out R => [track 0] Monitor Fader in R>; have 38 connections
(zrythm:21): zrythm-DEBUG: 09:41:53.315: (remove_connection:375): Disconnected <[track 3264778385] Ch Pre-Fader out L => [track 3264778385] Ch Fader in L>; have 37 connections
(zrythm:21): zrythm-DEBUG: 09:41:53.315: (remove_connection:375): Disconnected <[track 3264778385] Ch Pre-Fader out R => [track 3264778385] Ch Fader in R>; have 36 connections
(zrythm:21): zrythm-DEBUG: 09:41:53.315: (remove_connection:375): Disconnected <[track 3264778385] Ch Fader out L => [track 3264778385] Channel Send 7 audio in L>; have 35 connections
(zrythm:21): zrythm-DEBUG: 09:41:53.315: (remove_connection:375): Disconnected <[track 3264778385] Ch Fader out L => [track 3264778385] Channel Send 8 audio in L>; have 34 connections
(zrythm:21): zrythm-DEBUG: 09:41:53.316: (remove_connection:375): Disconnected <[track 3264778385] Ch Fader out L => [track 3264778385] Channel Send 9 audio in L>; have 33 connections
(zrythm:21): zrythm-DEBUG: 09:41:53.316: (remove_connection:375): Disconnected <[track 3264778385] Ch Fader out R => [track 3264778385] Channel Send 7 audio in R>; have 32 connections
(zrythm:21): zrythm-DEBUG: 09:41:53.316: (remove_connection:375): Disconnected <[track 3264778385] Ch Fader out R => [track 3264778385] Channel Send 8 audio in R>; have 31 connections
(zrythm:21): zrythm-DEBUG: 09:41:53.316: (remove_connection:375): Disconnected <[track 3264778385] Ch Fader out R => [track 3264778385] Channel Send 9 audio in R>; have 30 connections
(zrythm:21): zrythm-DEBUG: 09:41:53.316: (remove_connection:375): Disconnected <[track 3264778385] TP Stereo out L => [track 3264778385] Ch Pre-Fader in L>; have 29 connections
(zrythm:21): zrythm-DEBUG: 09:41:53.316: (remove_connection:375): Disconnected <[track 3264778385] TP Stereo out R => [track 3264778385] Ch Pre-Fader in R>; have 28 connections
(zrythm:21): zrythm-DEBUG: 09:41:53.316: (remove_connection:375): Disconnected <[track 3264778385] Ch Pre-Fader out L => [track 3264778385] Channel Send 1 audio in L>; have 27 connections
(zrythm:21): zrythm-DEBUG: 09:41:53.316: (remove_connection:375): Disconnected <[track 3264778385] Ch Pre-Fader out L => [track 3264778385] Channel Send 2 audio in L>; have 26 connections
(zrythm:21): zrythm-DEBUG: 09:41:53.316: (remove_connection:375): Disconnected <[track 3264778385] Ch Pre-Fader out L => [track 3264778385] Channel Send 3 audio in L>; have 25 connections
(zrythm:21): zrythm-DEBUG: 09:41:53.316: (remove_connection:375): Disconnected <[track 3264778385] Ch Pre-Fader out L => [track 3264778385] Channel Send 4 audio in L>; have 24 connections
(zrythm:21): zrythm-DEBUG: 09:41:53.317: (remove_connection:375): Disconnected <[track 3264778385] Ch Pre-Fader out L => [track 3264778385] Channel Send 5 audio in L>; have 23 connections
(zrythm:21): zrythm-DEBUG: 09:41:53.317: (remove_connection:375): Disconnected <[track 3264778385] Ch Pre-Fader out L => [track 3264778385] Channel Send 6 audio in L>; have 22 connections
(zrythm:21): zrythm-DEBUG: 09:41:53.317: (remove_connection:375): Disconnected <[track 3264778385] Ch Pre-Fader out R => [track 3264778385] Channel Send 1 audio in R>; have 21 connections
(zrythm:21): zrythm-DEBUG: 09:41:53.317: (remove_connection:375): Disconnected <[track 3264778385] Ch Pre-Fader out R => [track 3264778385] Channel Send 2 audio in R>; have 20 connections
(zrythm:21): zrythm-DEBUG: 09:41:53.317: (remove_connection:375): Disconnected <[track 3264778385] Ch Pre-Fader out R => [track 3264778385] Channel Send 3 audio in R>; have 19 connections
(zrythm:21): zrythm-DEBUG: 09:41:53.317: (remove_connection:375): Disconnected <[track 3264778385] Ch Pre-Fader out R => [track 3264778385] Channel Send 4 audio in R>; have 18 connections
(zrythm:21): zrythm-DEBUG: 09:41:53.317: (remove_connection:375): Disconnected <[track 3264778385] Ch Pre-Fader out R => [track 3264778385] Channel Send 5 audio in R>; have 17 connections
(zrythm:21): zrythm-DEBUG: 09:41:53.317: (remove_connection:375): Disconnected <[track 3264778385] Ch Pre-Fader out R => [track 3264778385] Channel Send 6 audio in R>; have 16 connections
(zrythm:21): zrythm-DEBUG: 09:41:53.317: (channel_disconnect:2111): disconnecting channel Master
(zrythm:21): zrythm-DEBUG: 09:41:53.317: (track_disconnect:2106): done disconnecting
zrythm-Message: 09:41:53.317: (tracklist_move_track:893): tracklist_move_track: Master from 4 to 4
(zrythm:21): zrythm-DEBUG: 09:41:53.318: (tracklist_selections_add_track:125): Markers currently recording: 0, have channel: 0
(zrythm:21): zrythm-DEBUG: 09:41:53.318: (track_free:3752): freeing track 'Master' (pos -1)...
(zrythm:21): zrythm-DEBUG: 09:41:53.318: (track_free:3858): done freeing track
zrythm-Message: 09:41:53.318: (tracklist_remove_track:866): tracklist_remove_track: done
zrythm-Message: 09:41:53.318: (tracklist_remove_track:791): tracklist_remove_track: removing [3] Markers - remove plugins 1 - free track 1 - pub events 0 - recalc graph 0 - num tracks before deletion: 4
zrythm-Message: 09:41:53.318: (track_lane_clear:377): clearing track lane 0 (0x562147d8af70) for track 'Markers' | num regions 0
zrythm-Message: 09:41:53.318: (track_disconnect:2054): disconnecting track 'Markers' (3)...
(zrythm:21): zrythm-DEBUG: 09:41:53.318: (track_disconnect:2106): done disconnecting
zrythm-Message: 09:41:53.318: (tracklist_move_track:893): tracklist_move_track: Markers from 3 to 3
(zrythm:21): zrythm-DEBUG: 09:41:53.318: (tracklist_selections_add_track:125): Chords currently recording: 0, have channel: 1
(zrythm:21): zrythm-DEBUG: 09:41:53.318: (track_set_recording:742): Chords: setting recording 1 (fire events: 0)
zrythm-Message: 09:41:53.318: (track_set_recording:758): enabled recording on Chords
(zrythm:21): zrythm-DEBUG: 09:41:53.318: (track_free:3752): freeing track 'Markers' (pos -1)...
(zrythm:21): zrythm-DEBUG: 09:41:53.318: (track_free:3858): done freeing track
zrythm-Message: 09:41:53.318: (tracklist_remove_track:866): tracklist_remove_track: done
zrythm-Message: 09:41:53.318: (tracklist_remove_track:791): tracklist_remove_track: removing [2] Modulators - remove plugins 1 - free track 1 - pub events 0 - recalc graph 0 - num tracks before deletion: 3
zrythm-Message: 09:41:53.318: (track_lane_clear:377): clearing track lane 0 (0x562147ded490) for track 'Modulators' | num regions 0
zrythm-Message: 09:41:53.318: (track_disconnect:2054): disconnecting track 'Modulators' (2)...
(zrythm:21): zrythm-DEBUG: 09:41:53.318: (track_disconnect:2106): done disconnecting
zrythm-Message: 09:41:53.318: (tracklist_move_track:893): tracklist_move_track: Modulators from 2 to 2
(zrythm:21): zrythm-DEBUG: 09:41:53.318: (track_free:3752): freeing track 'Modulators' (pos -1)...
(zrythm:21): zrythm-DEBUG: 09:41:53.318: (track_free:3858): done freeing track
zrythm-Message: 09:41:53.318: (tracklist_remove_track:866): tracklist_remove_track: done
zrythm-Message: 09:41:53.318: (tracklist_remove_track:791): tracklist_remove_track: removing [0] Chords - remove plugins 1 - free track 1 - pub events 0 - recalc graph 0 - num tracks before deletion: 2
zrythm-Message: 09:41:53.318: (track_lane_clear:377): clearing track lane 0 (0x5621481a6c30) for track 'Chords' | num regions 0
zrythm-Message: 09:41:53.318: (track_disconnect:2054): disconnecting track 'Chords' (0)...
(zrythm:21): zrythm-DEBUG: 09:41:53.318: (remove_connection:375): Disconnected <[track 2881579944] Ch MIDI Fader out => [track 2881579944] MIDI out>; have 15 connections
(zrythm:21): zrythm-DEBUG: 09:41:53.319: (remove_connection:375): Disconnected <[track 2881579944] Ch MIDI Pre-Fader out => [track 2881579944] Ch MIDI Fader in>; have 14 connections
(zrythm:21): zrythm-DEBUG: 09:41:53.319: (remove_connection:375): Disconnected <[track 2881579944] Ch MIDI Fader out => [track 2881579944] Channel Send 7 MIDI in>; have 13 connections
(zrythm:21): zrythm-DEBUG: 09:41:53.319: (remove_connection:375): Disconnected <[track 2881579944] Ch MIDI Fader out => [track 2881579944] Channel Send 8 MIDI in>; have 12 connections
(zrythm:21): zrythm-DEBUG: 09:41:53.319: (remove_connection:375): Disconnected <[track 2881579944] Ch MIDI Fader out => [track 2881579944] Channel Send 9 MIDI in>; have 11 connections
(zrythm:21): zrythm-DEBUG: 09:41:53.319: (remove_connection:375): Disconnected <[track 2881579944] TP MIDI out => [track 2881579944] Ch MIDI Pre-Fader in>; have 10 connections
(zrythm:21): zrythm-DEBUG: 09:41:53.319: (remove_connection:375): Disconnected <[track 2881579944] Ch MIDI Pre-Fader out => [track 2881579944] Channel Send 1 MIDI in>; have 9 connections
(zrythm:21): zrythm-DEBUG: 09:41:53.319: (remove_connection:375): Disconnected <[track 2881579944] Ch MIDI Pre-Fader out => [track 2881579944] Channel Send 2 MIDI in>; have 8 connections
(zrythm:21): zrythm-DEBUG: 09:41:53.319: (remove_connection:375): Disconnected <[track 2881579944] Ch MIDI Pre-Fader out => [track 2881579944] Channel Send 3 MIDI in>; have 7 connections
(zrythm:21): zrythm-DEBUG: 09:41:53.319: (remove_connection:375): Disconnected <[track 2881579944] Ch MIDI Pre-Fader out => [track 2881579944] Channel Send 4 MIDI in>; have 6 connections
(zrythm:21): zrythm-DEBUG: 09:41:53.319: (remove_connection:375): Disconnected <[track 2881579944] Ch MIDI Pre-Fader out => [track 2881579944] Channel Send 5 MIDI in>; have 5 connections
(zrythm:21): zrythm-DEBUG: 09:41:53.319: (remove_connection:375): Disconnected <[track 2881579944] Ch MIDI Pre-Fader out => [track 2881579944] Channel Send 6 MIDI in>; have 4 connections
(zrythm:21): zrythm-DEBUG: 09:41:53.319: (channel_disconnect:2111): disconnecting channel Chords
(zrythm:21): zrythm-DEBUG: 09:41:53.319: (track_disconnect:2106): done disconnecting
zrythm-Message: 09:41:53.319: (tracklist_move_track:893): tracklist_move_track: Chords from 0 to 1
(zrythm:21): zrythm-DEBUG: 09:41:53.319: (track_set_recording:742): Chords: setting recording 0 (fire events: 0)
zrythm-Message: 09:41:53.319: (track_set_recording:762): disabled recording on Chords
(zrythm:21): zrythm-DEBUG: 09:41:53.319: (swap_tracks:235): swapping tracks Chords [0] and Tempo [1]...
(zrythm:21): zrythm-DEBUG: 09:41:53.319: (swap_tracks:259): tracks swapped
zrythm-Message: 09:41:53.319: (tracklist_selections_clear:167): clearing tracklist selections...
zrythm-Message: 09:41:53.319: (tracklist_selections_clear:191): done
(zrythm:21): zrythm-DEBUG: 09:41:53.319: (tracklist_selections_add_track:125): Chords currently recording: 0, have channel: 1
(zrythm:21): zrythm-DEBUG: 09:41:53.320: (track_set_recording:742): Chords: setting recording 1 (fire events: 0)
zrythm-Message: 09:41:53.320: (track_set_recording:758): enabled recording on Chords
(zrythm:21): zrythm-DEBUG: 09:41:53.320: (tracklist_move_track:974): tracklist_move_track: finished moving track
(zrythm:21): zrythm-DEBUG: 09:41:53.320: (track_set_recording:742): Chords: setting recording 0 (fire events: 0)
zrythm-Message: 09:41:53.320: (track_set_recording:762): disabled recording on Chords
(zrythm:21): zrythm-DEBUG: 09:41:53.320: (tracklist_selections_add_track:125): Tempo currently recording: 0, have channel: 0
(zrythm:21): zrythm-DEBUG: 09:41:53.320: (track_free:3752): freeing track 'Chords' (pos -1)...
(zrythm:21): zrythm-DEBUG: 09:41:53.320: (track_free:3858): done freeing track
zrythm-Message: 09:41:53.320: (tracklist_remove_track:866): tracklist_remove_track: done
zrythm-Message: 09:41:53.320: (tracklist_remove_track:791): tracklist_remove_track: removing [0] Tempo - remove plugins 1 - free track 1 - pub events 0 - recalc graph 0 - num tracks before deletion: 1
zrythm-Message: 09:41:53.320: (track_lane_clear:377): clearing track lane 0 (0x562147dacb20) for track 'Tempo' | num regions 0
zrythm-Message: 09:41:53.320: (track_disconnect:2054): disconnecting track 'Tempo' (0)...
(zrythm:21): zrythm-DEBUG: 09:41:53.320: (track_disconnect:2106): done disconnecting
zrythm-Message: 09:41:53.320: (tracklist_move_track:893): tracklist_move_track: Tempo from 0 to 0
(zrythm:21): zrythm-DEBUG: 09:41:53.320: (tracklist_selections_add_track:125): Tempo currently recording: 0, have channel: 0
(zrythm:21): zrythm-DEBUG: 09:41:53.320: (track_free:3752): freeing track 'Tempo' (pos -1)...
(zrythm:21): zrythm-DEBUG: 09:41:53.320: (track_free:3858): done freeing track
zrythm-Message: 09:41:53.320: (tracklist_remove_track:866): tracklist_remove_track: done
zrythm-Message: 09:41:53.320: (tracklist_free:1840): tracklist_free: done
(zrythm:21): zrythm-DEBUG: 09:41:53.320: (engine_free:2112): freeing engine...
zrythm-Message: 09:41:53.320: (graph_terminate:1275): terminating graph...
zrythm-Message: 09:41:53.321: (dsp_worker_thread:129): [1]: terminating thread
zrythm-Message: 09:41:53.321: (graph_terminate:1314): graph terminated
(zrythm:21): zrythm-DEBUG: 09:41:53.321: (router_free:247): router_free: freeing...
zrythm-Message: 09:41:53.321: (graph_destroy:283): destroying graph 0x56214a3017c0 (router g1 0x56214a3017c0 g2 0x56214a3017c0)
zrythm-Message: 09:41:53.321: (graph_destroy:295): graph already terminated
(zrythm:21): zrythm-DEBUG: 09:41:53.322: (graph_free:1470): graph_free: freeing...
(zrythm:21): zrythm-DEBUG: 09:41:53.322: (graph_free:1491): graph_free: done
(zrythm:21): zrythm-DEBUG: 09:41:53.322: (router_free:260): router_free: done
(zrythm:21): zrythm-DEBUG: 09:41:53.323: (remove_connection:375): Disconnected <[track 0] Monitor Fader out L => [track 0] Monitor Out L>; have 3 connections
(zrythm:21): zrythm-DEBUG: 09:41:53.323: (remove_connection:375): Disconnected <[track 0] Monitor Fader out R => [track 0] Monitor Out R>; have 2 connections
(zrythm:21): zrythm-DEBUG: 09:41:53.324: (remove_connection:375): Disconnected <[track 0] Sample Processor Fader out L => [track 0] Monitor Fader in L>; have 1 connections
(zrythm:21): zrythm-DEBUG: 09:41:53.324: (remove_connection:375): Disconnected <[track 0] Sample Processor Fader out R => [track 0] Monitor Fader in R>; have 0 connections
zrythm-Message: 09:41:53.324: (tracklist_free:1814): tracklist_free: freeing...
zrythm-Message: 09:41:53.324: (tracklist_free:1840): tracklist_free: done
(zrythm:21): zrythm-DEBUG: 09:41:53.324: (engine_free:2186): finished freeing engine
zrythm-Message: 09:41:53.324: (project_free:1307): project_free: free'd project
zrythm-Message: 09:41:53.324: (recording_manager_free:1513): recording_manager_free: Freeing...
zrythm-Message: 09:41:53.326: (recording_manager_free:1533): recording_manager_free: done
(zrythm:21): zrythm-DEBUG: 09:41:53.327: (plugin_manager_free:946): plugin_manager_free: Freeing...
(zrythm:21): zrythm-DEBUG: 09:41:53.327: (plugin_manager_free:958): plugin_manager_free: done
zrythm-Message: 09:41:53.327: (event_manager_free:1370): event_manager_free: Freeing...
zrythm-Message: 09:41:53.327: (event_manager_free:1380): event_manager_free: done
zrythm-Message: 09:41:53.328: (zrythm_free:683): zrythm_free: done
zrythm-Message: 09:41:53.329: (zrythm_app_on_shutdown:1264): done
zrythm-Message: 09:41:53.344: (finalize:1536): finalize (../src/zrythm_app.c): finalizing ZrythmApp...
zrythm-Message: 09:41:53.344: (finalize:1548): finalize: done
zrythm-Message: 09:41:53.344: (log_free:1358): log_free: Tearing down...
