zrythm-Message: 09:30:31.712: (zrythm_app_init_thread:460): 
Zrythm 1.0.0+ (debugoptimized)
  built with gcc 14.2.0 for linux
    +carla
    +jack2
    +pulse
    +rtaudio
    +lsp-dsp-lib

zrythm-Message: 09:30:31.713: (greeter_widget_set_progress_and_status:339): Initializing caches
zrythm-Message: 09:30:31.713: (greeter_widget_set_progress_and_status:339): Initializing file manager
zrythm-Message: 09:30:31.714: (load_files_from_location:278): Total files: 41
zrythm-Message: 09:30:31.714: (greeter_widget_set_progress_and_status:343): [Scanning Plugins] Scanning Plugins
(zrythm:11): zrythm-DEBUG: 09:30:31.714: (z_carla_discovery_get_discovery_path:46): using zrythm_libdir: /app/lib/zrythm
zrythm-Message: 09:30:31.715: (string_print_strv:573): LV2 paths: /app/lib/lv2 | /app/extensions/Plugins/lv2 | /app/lib/zrythm/lv2 | /app/share/zrythm/lv2 
(zrythm:11): zrythm-DEBUG: 09:30:31.741: (z_carla_discovery_plugin_scanned_cb:197): scanned http://breakfastquay.com/rdf/lv2-rubberband#mono
zrythm-Message: 09:30:31.741: (add_category_and_author:82): add_category_and_author: Plugin
zrythm-Message: 09:30:31.741: (add_category_and_author:102): add_category_and_author: Breakfast Quay
(zrythm:11): zrythm-DEBUG: 09:30:31.742: (z_carla_discovery_plugin_scanned_cb:197): scanned http://breakfastquay.com/rdf/lv2-rubberband#r3mono
(zrythm:11): zrythm-DEBUG: 09:30:31.742: (z_carla_discovery_plugin_scanned_cb:197): scanned http://breakfastquay.com/rdf/lv2-rubberband#r3stereo
(zrythm:11): zrythm-DEBUG: 09:30:31.742: (z_carla_discovery_plugin_scanned_cb:197): scanned http://breakfastquay.com/rdf/lv2-rubberband#stereo
(zrythm:11): zrythm-DEBUG: 09:30:31.743: (z_carla_discovery_plugin_scanned_cb:197): scanned http://kxstudio.sf.net/carla/plugins/audiofile
zrythm-Message: 09:30:31.743: (add_category_and_author:102): add_category_and_author: Filipe Coelho
(zrythm:11): zrythm-DEBUG: 09:30:31.743: (z_carla_discovery_plugin_scanned_cb:197): scanned http://kxstudio.sf.net/carla/plugins/audiogain
(zrythm:11): zrythm-DEBUG: 09:30:31.743: (z_carla_discovery_plugin_scanned_cb:197): scanned http://kxstudio.sf.net/carla/plugins/audiogain_s
(zrythm:11): zrythm-DEBUG: 09:30:31.744: (z_carla_discovery_plugin_scanned_cb:197): scanned http://kxstudio.sf.net/carla/plugins/lfo
(zrythm:11): zrythm-DEBUG: 09:30:31.745: (z_carla_discovery_plugin_scanned_cb:197): scanned http://kxstudio.sf.net/carla/plugins/midichanab
(zrythm:11): zrythm-DEBUG: 09:30:31.746: (z_carla_discovery_plugin_scanned_cb:197): scanned http://kxstudio.sf.net/carla/plugins/midichanfilter
(zrythm:11): zrythm-DEBUG: 09:30:31.747: (z_carla_discovery_plugin_scanned_cb:197): scanned http://kxstudio.sf.net/carla/plugins/midichannelize
(zrythm:11): zrythm-DEBUG: 09:30:31.747: (z_carla_discovery_plugin_scanned_cb:197): scanned http://kxstudio.sf.net/carla/plugins/midifile
(zrythm:11): zrythm-DEBUG: 09:30:31.747: (z_carla_discovery_plugin_scanned_cb:197): scanned http://kxstudio.sf.net/carla/plugins/midigain
(zrythm:11): zrythm-DEBUG: 09:30:31.748: (z_carla_discovery_plugin_scanned_cb:197): scanned http://kxstudio.sf.net/carla/plugins/midijoin
(zrythm:11): zrythm-DEBUG: 09:30:31.749: (z_carla_discovery_plugin_scanned_cb:197): scanned http://kxstudio.sf.net/carla/plugins/midisplit
(zrythm:11): zrythm-DEBUG: 09:30:31.749: (z_carla_discovery_plugin_scanned_cb:197): scanned http://kxstudio.sf.net/carla/plugins/miditranspose
(zrythm:11): zrythm-DEBUG: 09:30:31.750: (z_carla_discovery_plugin_scanned_cb:197): scanned http://lv2plug.in/plugins/eg-amp
zrythm-Message: 09:30:31.750: (add_category_and_author:82): add_category_and_author: Dynamics
zrythm-Message: 09:30:31.750: (add_category_and_author:102): add_category_and_author: 
(zrythm:11): zrythm-DEBUG: 09:30:31.750: (z_carla_discovery_plugin_scanned_cb:197): scanned http://lv2plug.in/plugins/eg-fifths
(zrythm:11): zrythm-DEBUG: 09:30:31.750: (z_carla_discovery_plugin_scanned_cb:197): scanned http://lv2plug.in/plugins/eg-metro
(zrythm:11): zrythm-DEBUG: 09:30:31.750: (z_carla_discovery_plugin_scanned_cb:197): scanned http://lv2plug.in/plugins/eg-midigate
(zrythm:11): zrythm-DEBUG: 09:30:31.751: (z_carla_discovery_plugin_scanned_cb:197): scanned http://lv2plug.in/plugins/eg-params
(zrythm:11): zrythm-DEBUG: 09:30:31.751: (z_carla_discovery_plugin_scanned_cb:197): scanned http://lv2plug.in/plugins/eg-sampler
(zrythm:11): zrythm-DEBUG: 09:30:31.751: (z_carla_discovery_plugin_scanned_cb:197): scanned http://lv2plug.in/plugins/eg-scope#Mono
zrythm-Message: 09:30:31.751: (add_category_and_author:102): add_category_and_author: Robin Gareus
(zrythm:11): zrythm-DEBUG: 09:30:31.751: (z_carla_discovery_plugin_scanned_cb:197): scanned http://lv2plug.in/plugins/eg-scope#Stereo
(zrythm:11): zrythm-DEBUG: 09:30:31.752: (z_carla_discovery_plugin_scanned_cb:197): scanned https://lv2.zrythm.org/faust-builtin/compressor
zrythm-Message: 09:30:31.752: (add_category_and_author:102): add_category_and_author: Zrythm DAW
(zrythm:11): zrythm-DEBUG: 09:30:31.752: (z_carla_discovery_plugin_scanned_cb:197): scanned https://lv2.zrythm.org/faust-builtin/cubic_distortion
zrythm-Message: 09:30:31.752: (add_category_and_author:82): add_category_and_author: Distortion
(zrythm:11): zrythm-DEBUG: 09:30:31.753: (z_carla_discovery_plugin_scanned_cb:197): scanned https://lv2.zrythm.org/faust-builtin/flanger
zrythm-Message: 09:30:31.753: (add_category_and_author:82): add_category_and_author: Modulator
(zrythm:11): zrythm-DEBUG: 09:30:31.753: (z_carla_discovery_plugin_scanned_cb:197): scanned https://lv2.zrythm.org/faust-builtin/gate_stereo
(zrythm:11): zrythm-DEBUG: 09:30:31.754: (z_carla_discovery_plugin_scanned_cb:197): scanned https://lv2.zrythm.org/faust-builtin/highpass_filter
zrythm-Message: 09:30:31.754: (add_category_and_author:82): add_category_and_author: Filter
(zrythm:11): zrythm-DEBUG: 09:30:31.754: (z_carla_discovery_plugin_scanned_cb:197): scanned https://lv2.zrythm.org/faust-builtin/lowpass_filter
(zrythm:11): zrythm-DEBUG: 09:30:31.755: (z_carla_discovery_plugin_scanned_cb:197): scanned https://lv2.zrythm.org/faust-builtin/parametric_eq
zrythm-Message: 09:30:31.755: (add_category_and_author:82): add_category_and_author: Equaliser
(zrythm:11): zrythm-DEBUG: 09:30:31.755: (z_carla_discovery_plugin_scanned_cb:197): scanned https://lv2.zrythm.org/faust-builtin/peak_limiter
(zrythm:11): zrythm-DEBUG: 09:30:31.756: (z_carla_discovery_plugin_scanned_cb:197): scanned https://lv2.zrythm.org/faust-builtin/phaser
(zrythm:11): zrythm-DEBUG: 09:30:31.756: (z_carla_discovery_plugin_scanned_cb:197): scanned https://lv2.zrythm.org/faust-builtin/smooth_delay
zrythm-Message: 09:30:31.756: (add_category_and_author:82): add_category_and_author: Delay
(zrythm:11): zrythm-DEBUG: 09:30:31.757: (z_carla_discovery_plugin_scanned_cb:197): scanned https://lv2.zrythm.org/faust-builtin/triple_synth
zrythm-Message: 09:30:31.757: (add_category_and_author:82): add_category_and_author: Instrument
(zrythm:11): zrythm-DEBUG: 09:30:31.758: (z_carla_discovery_plugin_scanned_cb:197): scanned https://lv2.zrythm.org/faust-builtin/wah4
(zrythm:11): zrythm-DEBUG: 09:30:31.758: (z_carla_discovery_plugin_scanned_cb:197): scanned https://lv2.zrythm.org/faust-builtin/white_noise
(zrythm:11): zrythm-DEBUG: 09:30:31.758: (z_carla_discovery_plugin_scanned_cb:197): scanned https://lv2.zrythm.org/faust-builtin/zita_rev1
zrythm-Message: 09:30:31.758: (greeter_widget_set_progress_and_status:335): [Scanning Plugins]
(zrythm:11): zrythm-DEBUG: 09:30:31.758: (z_carla_discovery_get_discovery_path:46): using zrythm_libdir: /app/lib/zrythm
zrythm-Message: 09:30:31.758: (string_print_strv:573): DSSI paths: /app/extensions/Plugins/dssi 
zrythm-Message: 09:30:31.758: (z_carla_discovery_start:292): no plugins to scan for DSSI (given paths: /app/extensions/Plugins/dssi)
zrythm-Message: 09:30:31.758: (greeter_widget_set_progress_and_status:335): [Scanning Plugins]
(zrythm:11): zrythm-DEBUG: 09:30:31.758: (z_carla_discovery_get_discovery_path:46): using zrythm_libdir: /app/lib/zrythm
zrythm-Message: 09:30:31.759: (string_print_strv:573): LADSPA paths: /app/extensions/Plugins/ladspa 
zrythm-Message: 09:30:31.759: (z_carla_discovery_start:292): no plugins to scan for LADSPA (given paths: /app/extensions/Plugins/ladspa)
zrythm-Message: 09:30:31.759: (greeter_widget_set_progress_and_status:335): [Scanning Plugins]
(zrythm:11): zrythm-DEBUG: 09:30:31.759: (z_carla_discovery_get_discovery_path:46): using zrythm_libdir: /app/lib/zrythm
zrythm-Message: 09:30:31.759: (string_print_strv:573): VST2 paths: /app/extensions/Plugins/vst 
zrythm-Message: 09:30:31.759: (z_carla_discovery_start:292): no plugins to scan for VST (given paths: /app/extensions/Plugins/vst)
zrythm-Message: 09:30:31.759: (greeter_widget_set_progress_and_status:335): [Scanning Plugins]
(zrythm:11): zrythm-DEBUG: 09:30:31.759: (z_carla_discovery_get_discovery_path:46): using zrythm_libdir: /app/lib/zrythm
zrythm-Message: 09:30:31.759: (string_print_strv:573): VST3 paths: /app/extensions/Plugins/vst3 
zrythm-Message: 09:30:31.759: (z_carla_discovery_start:292): no plugins to scan for VST3 (given paths: /app/extensions/Plugins/vst3)
zrythm-Message: 09:30:31.759: (greeter_widget_set_progress_and_status:335): [Scanning Plugins]
(zrythm:11): zrythm-DEBUG: 09:30:31.759: (z_carla_discovery_get_discovery_path:46): using zrythm_libdir: /app/lib/zrythm
zrythm-Message: 09:30:31.759: (greeter_widget_set_progress_and_status:335): [Scanning Plugins]
(zrythm:11): zrythm-DEBUG: 09:30:31.759: (z_carla_discovery_get_discovery_path:46): using zrythm_libdir: /app/lib/zrythm
zrythm-Message: 09:30:31.759: (z_carla_discovery_start:292): no plugins to scan for SF2 (given paths: )
zrythm-Message: 09:30:31.759: (greeter_widget_set_progress_and_status:335): [Scanning Plugins]
(zrythm:11): zrythm-DEBUG: 09:30:31.759: (z_carla_discovery_get_discovery_path:46): using zrythm_libdir: /app/lib/zrythm
zrythm-Message: 09:30:31.759: (string_print_strv:573): CLAP paths: /app/extensions/Plugins/clap 
zrythm-Message: 09:30:31.759: (z_carla_discovery_start:292): no plugins to scan for CLAP (given paths: /app/extensions/Plugins/clap)
zrythm-Message: 09:30:31.759: (greeter_widget_set_progress_and_status:335): [Scanning Plugins]
(zrythm:11): zrythm-DEBUG: 09:30:31.759: (z_carla_discovery_get_discovery_path:46): using zrythm_libdir: /app/lib/zrythm
zrythm-Message: 09:30:31.759: (string_print_strv:573): JSFX paths
zrythm-Message: 09:30:31.759: (greeter_widget_set_progress_and_status:335): [Scanning Plugins]
zrythm-Message: 09:30:31.891: (cached_plugin_descriptors_serialize_to_file:26): Serializing cached plugin descriptors...
zrythm-Message: 09:30:31.891: (cached_plugin_descriptors_serialize_to_file:38): Writing cached plugin descriptors to /home/burij/.var/app/org.zrythm.Zrythm/data/zrythm/cached_plugin_descriptors.yaml...
zrythm-Message: 09:30:31.891: (on_plugin_scan_finished:420): plugin scan finished
zrythm-Message: 09:30:31.891: (on_prompt_for_project:511): prompting for project...
zrythm-Message: 09:30:31.894: (on_prompt_for_project:544): done
(zrythm:11): Gtk-DEBUG: 09:30:31.900: (gtk_icon_paintable_snapshot_symbolic:3929): snapshot symbolic icon using color-matrix
(zrythm:11): Gtk-DEBUG: 09:30:31.900: (gtk_icon_paintable_snapshot_symbolic:3929): snapshot symbolic icon using color-matrix
(zrythm:11): GLib-GIO-DEBUG: 09:30:34.034: (?:?): Using cross-namespace EXTERNAL authentication (this will deadlock if server is GDBus < 2.73.3)
zrythm-Message: 09:30:37.853: (open_ready_cb:404): Loading project: /run/user/1000/doc/64de355f/project.zpj
zrythm-Message: 09:30:37.906: (post_finish:133): activating zrythm_app.load_project
zrythm-Message: 09:30:37.907: (greeter_widget_set_progress_and_status:339): Loading Project
(zrythm:11): zrythm-DEBUG: 09:30:37.907: (on_load_project:407): on_load_project called | open filename '/run/user/1000/doc/64de355f/project.zpj' | opening template 0
zrythm-Message: 09:30:37.907: (project_init_flow_manager_load_or_create_default_project:1228): project_init_flow_manager_load_or_create_default_project: [STEP 0] filename: /run/user/1000/doc/64de355f/project.zpj, is template: 0
zrythm-Message: 09:30:37.907: (project_new:714): project_new: Creating...
zrythm-Message: 09:30:37.908: (project_new:738): project_new: done
zrythm-Message: 09:30:37.910: (project_get_existing_uncompressed_text:477): project_get_existing_uncompressed_text: getting text for project file /run/user/1000/doc/64de355f/project.zpj
zrythm-Message: 09:30:37.911: (project_get_existing_uncompressed_text:493): project_get_existing_uncompressed_text: decompressing project...
zrythm-Message: 09:30:37.911: (_project_compress:144): using zstd v1.5.6
zrythm-Message: 09:30:37.912: (_project_compress:229): Decompression : 8553 bytes -> 248495 bytes
zrythm-Message: 09:30:37.917: (continue_load_from_file_after_open_backup_response:828): time to deserialize: 3ms
zrythm-Message: 09:30:37.917: (continue_load_from_file_after_open_backup_response:863): Project successfully deserialized.
zrythm-Message: 09:30:37.917: (continue_load_from_file_after_open_backup_response:932): hiding prev window...
zrythm-Message: 09:30:37.917: (continue_load_from_file_after_open_backup_response:938): continue_load_from_file_after_open_backup_response: freeing previous project...
zrythm-Message: 09:30:37.918: (project_free:1254): project_free: tearing down...
zrythm-Message: 09:30:37.918: (project_free:1307): project_free: free'd project
zrythm-Message: 09:30:37.918: (continue_load_from_file_after_open_backup_response:942): continue_load_from_file_after_open_backup_response: initing loaded structures
zrythm-Message: 09:30:37.918: (engine_init_loaded:833): Initializing...
(zrythm:11): zrythm-DEBUG: 09:30:37.918: (audio_clip_init_loaded:184): audio_clip_init_loaded: 0x55f457df1840

(zrythm:11): zrythm-CRITICAL **: 09:30:37.918: (audio_clip_get_path_in_pool_from_name:316): /run/user/1000/doc/64de355f/pool does not exist
(zrythm:11): zrythm-DEBUG: 09:30:40.267: (audio_file_read_metadata:165): attempting to read metadata for (null)
(zrythm:11): zrythm-DEBUG: 09:30:40.267: (ensure_sndfile:141): opening sndfile at (null)...
zrythm-Message: 09:30:40.268: (io_mkdir:96): Creating directory: /home/burij/.var/app/org.zrythm.Zrythm/data/zrythm/backtraces
zrythm-Message: 09:30:42.509: (_backtrace_get:316): getting bt
zrythm-Message: 09:30:42.510: (_backtrace_get:318): ret 0
